==========================================
Rodando no host: gpunode1.npad.internal
Job ID: 1898290
Diretorio: /home/cvnsantos/4
Inicio: seg jun 29 19:37:11 -03 2026
==========================================

========== PARTE 1: Sequencial + MPI/OpenMP + CUDA ==========

Modulos da parte 1:

Currently Loaded Modules:
  1) zlib-ng/2.2.1-gcc-8.5.0-nx3ks4o
  2) zstd/1.5.6-gcc-8.5.0-5rab3qi
  3) binutils/2.43.1-gcc-12.3.0-yjinuj6
  4) libiconv/1.17-gcc-8.5.0-aljgrlp
  5) xz/5.4.6-gcc-8.5.0-lljp7gg
  6) libxml2/2.13.4-gcc-8.5.0-judzn6c
  7) bzip2/1.0.8-gcc-8.5.0-lvokl5n
  8) ncurses/6.5-gcc-8.5.0-wksarjv
  9) pigz/2.8-gcc-8.5.0-32th6mj
 10) tar/1.34-gcc-8.5.0-x3eo6ne
 11) gettext/0.22.5-gcc-8.5.0-4ok7q66
 12) pkgconf/2.2.0-gcc-8.5.0-6pwk6kx
 13) elfutils/0.191-gcc-12.3.0-phhsnom
 14) libpciaccess/0.17-gcc-8.5.0-rmvwow4
 15) hwloc/2.11.1-gcc-8.5.0-lfxwh4q
 16) libdwarf/0.11.0-gcc-12.3.0-ltf2555
 17) libunwind/1.8.1-gcc-12.3.0-fy6kyfb
 18) openjdk/17.0.11_9-gcc-12.3.0-onok5ha
 19) openssl/3.4.0-gcc-8.5.0-v5gkkke
 20) libevent/2.1.12-gcc-8.5.0-d4qlhu4
 21) numactl/2.0.18-gcc-8.5.0-uqgd3rr
 22) krb5/1.21.3-gcc-8.5.0-m2fr6gr
 23) libedit/3.1-20240808-gcc-8.5.0-z4vl4qd
 24) libxcrypt/4.4.35-gcc-8.5.0-3o7er2x
 25) openssh/9.9p1-gcc-8.5.0-f4kn7z7
 26) pmix/5.0.3-gcc-8.5.0-lwlah4q
 27) openmpi/4.1.6-gcc-12.3.0-6rgnzbn
 28) libmd/1.0.4-gcc-8.5.0-6hubecx
 29) libbsd/0.12.2-gcc-8.5.0-gozzinq
 30) expat/2.6.4-gcc-8.5.0-licbhdn
 31) readline/8.2-gcc-8.5.0-tchyvju
 32) gdbm/1.23-gcc-8.5.0-swdhtug
 33) libffi/3.4.6-gcc-8.5.0-ohhcpk2
 34) sqlite/3.46.0-gcc-8.5.0-sxxfpax
 35) util-linux-uuid/2.40.2-gcc-8.5.0-ptgg4uv
 36) python/3.11.9-gcc-12.3.0-egxne7o
 37) gcc-runtime/12.3.0-gcc-12.3.0-4qxguxv
 38) python-venv/1.0-gcc-12.3.0-7dzgezw
 39) otf2/3.0.3-gcc-12.3.0-4k2hagi
 40) papi/7.1.0-gcc-12.3.0-x2goddi
 41) pdt/3.25.2-gcc-12.3.0-stwcgu7
 42) tau/2.35.1-gcc-12.3.0-ss4u6t2
 43) softwares/tau/2.35.1
 44) glibc/2.28-gcc-8.5.0-vqttnls
 45) cuda/12.6.2-gcc-8.5.0-ehvl44c

 


GPU:
name, memory.total [MiB], compute_cap
Tesla V100-SXM2-16GB, 16384 MiB, 7.0

Rodando benchmark.py (Sequencial + MPI/OpenMP + CUDA)...
Dataset oficial: 250000 linhas (sera preservado; o script restaura no final)

Niveis de recurso para escalabilidade fraca -> tamanho de dataset:
  1 recurso(s) -> 15625 linhas
  2 recurso(s) -> 31250 linhas
  4 recurso(s) -> 62500 linhas
  8 recurso(s) -> 125000 linhas
  16 recurso(s) -> 250000 linhas

Compilando SEQUENCIAL...
  -> OK

=== SEQUENCIAL | tamanho oficial (250000 linhas) ===
    tentativa 1/5: 0.710209s  SSE=33353.5367  iter=19
    tentativa 2/5: 0.709375s  SSE=33353.5367  iter=19
    tentativa 3/5: 0.709814s  SSE=33353.5367  iter=19
    tentativa 4/5: 0.710016s  SSE=33353.5367  iter=19
    tentativa 5/5: 0.727232s  SSE=33353.5367  iter=19
    -> media: 0.713329s
Compilando MPI + OpenMP...
  -> OK

--- Escalabilidade FORTE (tamanho fixo = 250000 linhas) ---

=== MPI+OpenMP [FORTE] | processos=1 threads=1 (tamanho=250000) ===
    tentativa 1/5: 0.741992s  SSE=33353.5367  iter=19
    tentativa 2/5: 0.741707s  SSE=33353.5367  iter=19
    tentativa 3/5: 0.742506s  SSE=33353.5367  iter=19
    tentativa 4/5: 0.742027s  SSE=33353.5367  iter=19
    tentativa 5/5: 0.750436s  SSE=33353.5367  iter=19
    -> media: 0.743734s
  speedup=0.959x  eficiencia=95.9%

=== MPI+OpenMP [FORTE] | processos=2 threads=1 (tamanho=250000) ===
    tentativa 1/5: 0.649963s  SSE=33353.5367  iter=19
    tentativa 2/5: 0.651795s  SSE=33353.5367  iter=19
    tentativa 3/5: 0.648441s  SSE=33353.5367  iter=19
    tentativa 4/5: 0.648434s  SSE=33353.5367  iter=19
    tentativa 5/5: 0.646897s  SSE=33353.5367  iter=19
    -> media: 0.649106s
  speedup=1.099x  eficiencia=54.9%

=== MPI+OpenMP [FORTE] | processos=1 threads=2 (tamanho=250000) ===
    tentativa 1/5: 0.730868s  SSE=33353.5367  iter=19
    tentativa 2/5: 0.731729s  SSE=33353.5367  iter=19
    tentativa 3/5: 0.739081s  SSE=33353.5367  iter=19
    tentativa 4/5: 0.731061s  SSE=33353.5367  iter=19
    tentativa 5/5: 0.730497s  SSE=33353.5367  iter=19
    -> media: 0.732647s
  speedup=0.974x  eficiencia=48.7%

=== MPI+OpenMP [FORTE] | processos=4 threads=1 (tamanho=250000) ===
    tentativa 1/5: 0.663817s  SSE=33353.5367  iter=19
    tentativa 2/5: 0.669503s  SSE=33353.5367  iter=19
    tentativa 3/5: 0.661686s  SSE=33353.5367  iter=19
    tentativa 4/5: 0.664902s  SSE=33353.5367  iter=19
    tentativa 5/5: 0.672477s  SSE=33353.5367  iter=19
    -> media: 0.666477s
  speedup=1.070x  eficiencia=26.8%

=== MPI+OpenMP [FORTE] | processos=1 threads=4 (tamanho=250000) ===
    tentativa 1/5: 0.733525s  SSE=33353.5367  iter=19
    tentativa 2/5: 0.731478s  SSE=33353.5367  iter=19
    tentativa 3/5: 0.733174s  SSE=33353.5367  iter=19
    tentativa 4/5: 0.732955s  SSE=33353.5367  iter=19
    tentativa 5/5: 0.733446s  SSE=33353.5367  iter=19
    -> media: 0.732916s
  speedup=0.973x  eficiencia=24.3%

=== MPI+OpenMP [FORTE] | processos=2 threads=2 (tamanho=250000) ===
    tentativa 1/5: 0.642430s  SSE=33353.5367  iter=19
    tentativa 2/5: 0.642167s  SSE=33353.5367  iter=19
    tentativa 3/5: 0.643739s  SSE=33353.5367  iter=19
    tentativa 4/5: 0.640918s  SSE=33353.5367  iter=19
    tentativa 5/5: 0.642347s  SSE=33353.5367  iter=19
    -> media: 0.642320s
  speedup=1.111x  eficiencia=27.8%

=== MPI+OpenMP [FORTE] | processos=8 threads=1 (tamanho=250000) ===
    tentativa 1/5: 0.668643s  SSE=33353.5367  iter=19
    tentativa 2/5: 0.662905s  SSE=33353.5367  iter=19
    tentativa 3/5: 0.685039s  SSE=33353.5367  iter=19
    tentativa 4/5: 0.664625s  SSE=33353.5367  iter=19
    tentativa 5/5: 1.274062s  SSE=33353.5367  iter=19
    -> media: 0.791055s
  speedup=0.902x  eficiencia=11.3%

=== MPI+OpenMP [FORTE] | processos=1 threads=8 (tamanho=250000) ===
    tentativa 1/5: 0.737119s  SSE=33353.5367  iter=19
    tentativa 2/5: 0.734640s  SSE=33353.5367  iter=19
    tentativa 3/5: 0.737454s  SSE=33353.5367  iter=19
    tentativa 4/5: 0.744582s  SSE=33353.5367  iter=19
    tentativa 5/5: 0.733147s  SSE=33353.5367  iter=19
    -> media: 0.737388s
  speedup=0.967x  eficiencia=12.1%

=== MPI+OpenMP [FORTE] | processos=4 threads=2 (tamanho=250000) ===
    tentativa 1/5: 0.668156s  SSE=33353.5367  iter=19
    tentativa 2/5: 0.650484s  SSE=33353.5367  iter=19
    tentativa 3/5: 0.666681s  SSE=33353.5367  iter=19
    tentativa 4/5: 1.028120s  SSE=33353.5367  iter=19
    tentativa 5/5: 0.666391s  SSE=33353.5367  iter=19
    -> media: 0.735966s
  speedup=0.969x  eficiencia=12.1%

=== MPI+OpenMP [FORTE] | processos=16 threads=1 (tamanho=250000) ===
    tentativa 1/5: 0.661212s  SSE=33353.5367  iter=19
    tentativa 2/5: 0.660564s  SSE=33353.5367  iter=19
    tentativa 3/5: 0.676968s  SSE=33353.5367  iter=19
    tentativa 4/5: 1.243656s  SSE=33353.5367  iter=19
    tentativa 5/5: 0.663885s  SSE=33353.5367  iter=19
    -> media: 0.781257s
  speedup=0.913x  eficiencia=5.7%

=== MPI+OpenMP [FORTE] | processos=1 threads=16 (tamanho=250000) ===
    tentativa 1/5: 0.741340s  SSE=33353.5367  iter=19
    tentativa 2/5: 0.746059s  SSE=33353.5367  iter=19
    tentativa 3/5: 0.740342s  SSE=33353.5367  iter=19
    tentativa 4/5: 0.739108s  SSE=33353.5367  iter=19
    tentativa 5/5: 0.740105s  SSE=33353.5367  iter=19
    -> media: 0.741391s
  speedup=0.962x  eficiencia=6.0%

=== MPI+OpenMP [FORTE] | processos=8 threads=2 (tamanho=250000) ===
    tentativa 1/5: 0.663414s  SSE=33353.5367  iter=19
    tentativa 2/5: 0.670475s  SSE=33353.5367  iter=19
    tentativa 3/5: 0.673825s  SSE=33353.5367  iter=19
    tentativa 4/5: 0.673551s  SSE=33353.5367  iter=19
    tentativa 5/5: 0.892898s  SSE=33353.5367  iter=19
    -> media: 0.714833s
  speedup=0.998x  eficiencia=6.2%

=== MPI+OpenMP [FORTE] | processos=32 threads=1 (tamanho=250000) ===
    tentativa 1/5: 1.140200s  SSE=33353.5367  iter=19
    tentativa 2/5: 1.134898s  SSE=33353.5367  iter=19
    tentativa 3/5: 1.139853s  SSE=33353.5367  iter=19
    tentativa 4/5: 1.139587s  SSE=33353.5367  iter=19
    tentativa 5/5: 1.135090s  SSE=33353.5367  iter=19
    -> media: 1.137926s
  speedup=0.627x  eficiencia=2.0%

=== MPI+OpenMP [FORTE] | processos=1 threads=32 (tamanho=250000) ===
    tentativa 1/5: 0.752832s  SSE=33353.5367  iter=19
    tentativa 2/5: 0.751831s  SSE=33353.5367  iter=19
    tentativa 3/5: 0.753365s  SSE=33353.5367  iter=19
    tentativa 4/5: 0.754119s  SSE=33353.5367  iter=19
    tentativa 5/5: 0.754155s  SSE=33353.5367  iter=19
    -> media: 0.753260s
  speedup=0.947x  eficiencia=3.0%

=== MPI+OpenMP [FORTE] | processos=16 threads=2 (tamanho=250000) ===
    tentativa 1/5: 0.655911s  SSE=33353.5367  iter=19
    tentativa 2/5: 1.233189s  SSE=33353.5367  iter=19
    tentativa 3/5: 0.655189s  SSE=33353.5367  iter=19
    tentativa 4/5: 0.660598s  SSE=33353.5367  iter=19
    tentativa 5/5: 0.655815s  SSE=33353.5367  iter=19
    -> media: 0.772140s
  speedup=0.924x  eficiencia=2.9%

=== MPI+OpenMP [FORTE] | processos=32 threads=2 (tamanho=250000) ===
    tentativa 1/5: 1.886125s  SSE=33353.5367  iter=19
    tentativa 2/5: 1.876431s  SSE=33353.5367  iter=19
    tentativa 3/5: 1.883319s  SSE=33353.5367  iter=19
    tentativa 4/5: 1.889644s  SSE=33353.5367  iter=19
    tentativa 5/5: 1.872879s  SSE=33353.5367  iter=19
    -> media: 1.881680s
  speedup=0.379x  eficiencia=0.6%


########## ESCALABILIDADE FRACA (tamanho varia com os recursos) ##########
Compilando CUDA...
  -> OK
[AVISO] Pasta 'OpenMP_With_GPU/' existe mas 'nvc' (NVIDIA HPC SDK) nao foi encontrado -- pulando OpenMP-GPU. Confirme 'module load' no job SLURM.

----- Tamanho desta rodada: 15625 linhas (nivel de recurso=1) -----

=== Sequencial [FRACA] | tamanho=15625 ===
    tentativa 1/5: 0.062319s  SSE=2080.3729  iter=40
    tentativa 2/5: 0.058570s  SSE=2080.3729  iter=40
    tentativa 3/5: 0.059580s  SSE=2080.3729  iter=40
    tentativa 4/5: 0.060427s  SSE=2080.3729  iter=40
    tentativa 5/5: 0.060613s  SSE=2080.3729  iter=40
    -> media: 0.060302s

=== MPI+OpenMP [FRACA] | processos=1 threads=1 | tamanho=15625 ===
    tentativa 1/5: 0.058376s  SSE=2080.3729  iter=40
    tentativa 2/5: 0.057426s  SSE=2080.3729  iter=40
    tentativa 3/5: 0.057498s  SSE=2080.3729  iter=40
    tentativa 4/5: 0.058558s  SSE=2080.3729  iter=40
    tentativa 5/5: 0.057425s  SSE=2080.3729  iter=40
    -> media: 0.057857s
  speedup=1.042x  eficiencia=104.2% (ideal p/ weak scaling: eficiencia ~100%)

=== CUDA | tamanho=15625 ===
    tentativa 1/5: 0.332392s  SSE=2080.3729  iter=40
    tentativa 2/5: 0.328438s  SSE=2080.3729  iter=40
    tentativa 3/5: 0.327436s  SSE=2080.3729  iter=40
    tentativa 4/5: 0.326488s  SSE=2080.3729  iter=40
    tentativa 5/5: 0.326652s  SSE=2080.3729  iter=40
    -> media: 0.328281s

----- Tamanho desta rodada: 31250 linhas (nivel de recurso=2) -----

=== Sequencial [FRACA] | tamanho=31250 ===
    tentativa 1/5: 0.099459s  SSE=4190.6624  iter=21
    tentativa 2/5: 0.090645s  SSE=4190.6624  iter=21
    tentativa 3/5: 0.092327s  SSE=4190.6624  iter=21
    tentativa 4/5: 0.091632s  SSE=4190.6624  iter=21
    tentativa 5/5: 0.094252s  SSE=4190.6624  iter=21
    -> media: 0.093663s

=== MPI+OpenMP [FRACA] | processos=2 threads=1 | tamanho=31250 ===
    tentativa 1/5: 0.085151s  SSE=4190.6624  iter=21
    tentativa 2/5: 0.083739s  SSE=4190.6624  iter=21
    tentativa 3/5: 0.083452s  SSE=4190.6624  iter=21
    tentativa 4/5: 0.084251s  SSE=4190.6624  iter=21
    tentativa 5/5: 0.083649s  SSE=4190.6624  iter=21
    -> media: 0.084048s
  speedup=1.114x  eficiencia=55.7% (ideal p/ weak scaling: eficiencia ~100%)

=== CUDA | tamanho=31250 ===
    tentativa 1/5: 0.362927s  SSE=4190.6624  iter=21
    tentativa 2/5: 0.356741s  SSE=4190.6624  iter=21
    tentativa 3/5: 0.354698s  SSE=4190.6624  iter=21
    tentativa 4/5: 0.357084s  SSE=4190.6624  iter=21
    tentativa 5/5: 0.355483s  SSE=4190.6624  iter=21
    -> media: 0.357387s

----- Tamanho desta rodada: 62500 linhas (nivel de recurso=4) -----

=== Sequencial [FRACA] | tamanho=62500 ===
    tentativa 1/5: 0.194388s  SSE=8370.3149  iter=22
    tentativa 2/5: 0.183890s  SSE=8370.3149  iter=22
    tentativa 3/5: 0.189697s  SSE=8370.3149  iter=22
    tentativa 4/5: 0.185000s  SSE=8370.3149  iter=22
    tentativa 5/5: 0.190161s  SSE=8370.3149  iter=22
    -> media: 0.188627s

=== MPI+OpenMP [FRACA] | processos=4 threads=1 | tamanho=62500 ===
    tentativa 1/5: 0.170976s  SSE=8370.3149  iter=22
    tentativa 2/5: 0.170736s  SSE=8370.3149  iter=22
    tentativa 3/5: 0.171078s  SSE=8370.3149  iter=22
    tentativa 4/5: 0.169615s  SSE=8370.3149  iter=22
    tentativa 5/5: 0.170047s  SSE=8370.3149  iter=22
    -> media: 0.170490s
  speedup=1.106x  eficiencia=27.7% (ideal p/ weak scaling: eficiencia ~100%)

=== CUDA | tamanho=62500 ===
    tentativa 1/5: 0.472084s  SSE=8370.3149  iter=22
    tentativa 2/5: 0.471655s  SSE=8370.3149  iter=22
    tentativa 3/5: 0.466957s  SSE=8370.3149  iter=22
    tentativa 4/5: 0.472095s  SSE=8370.3149  iter=22
    tentativa 5/5: 0.469004s  SSE=8370.3149  iter=22
    -> media: 0.470359s

----- Tamanho desta rodada: 125000 linhas (nivel de recurso=8) -----

=== Sequencial [FRACA] | tamanho=125000 ===
    tentativa 1/5: 0.483045s  SSE=16671.0472  iter=41
    tentativa 2/5: 0.460541s  SSE=16671.0472  iter=41
    tentativa 3/5: 0.459918s  SSE=16671.0472  iter=41
    tentativa 4/5: 0.460238s  SSE=16671.0472  iter=41
    tentativa 5/5: 0.460503s  SSE=16671.0472  iter=41
    -> media: 0.464849s

=== MPI+OpenMP [FRACA] | processos=8 threads=1 | tamanho=125000 ===
    tentativa 1/5: 0.349490s  SSE=16671.0472  iter=41
    tentativa 2/5: 0.348387s  SSE=16671.0472  iter=41
    tentativa 3/5: 0.658170s  SSE=16671.0472  iter=41
    tentativa 4/5: 0.660829s  SSE=16671.0472  iter=41
    tentativa 5/5: 0.552535s  SSE=16671.0472  iter=41
    -> media: 0.513882s
  speedup=0.905x  eficiencia=11.3% (ideal p/ weak scaling: eficiencia ~100%)

=== CUDA | tamanho=125000 ===
    tentativa 1/5: 0.957297s  SSE=16671.0472  iter=41
    tentativa 2/5: 0.899683s  SSE=16671.0472  iter=41
    tentativa 3/5: 0.865098s  SSE=16671.0472  iter=41
    tentativa 4/5: 0.837792s  SSE=16671.0472  iter=41
    tentativa 5/5: 0.852123s  SSE=16671.0472  iter=41
    -> media: 0.882399s

----- Tamanho desta rodada: 250000 linhas (nivel de recurso=16) -----

=== Sequencial [FRACA] | tamanho=250000 ===
    tentativa 1/5: 0.792774s  SSE=33353.5367  iter=19
    tentativa 2/5: 0.714638s  SSE=33353.5367  iter=19
    tentativa 3/5: 0.732109s  SSE=33353.5367  iter=19
    tentativa 4/5: 0.716518s  SSE=33353.5367  iter=19
    tentativa 5/5: 0.713228s  SSE=33353.5367  iter=19
    -> media: 0.733853s

=== MPI+OpenMP [FRACA] | processos=16 threads=1 | tamanho=250000 ===
    tentativa 1/5: 0.654831s  SSE=33353.5367  iter=19
    tentativa 2/5: 0.650944s  SSE=33353.5367  iter=19
    tentativa 3/5: 0.729409s  SSE=33353.5367  iter=19
    tentativa 4/5: 0.650797s  SSE=33353.5367  iter=19
    tentativa 5/5: 0.648979s  SSE=33353.5367  iter=19
    -> media: 0.666992s
  speedup=1.100x  eficiencia=6.9% (ideal p/ weak scaling: eficiencia ~100%)

=== CUDA | tamanho=250000 ===
    tentativa 1/5: 1.135258s  SSE=33353.5367  iter=19
    tentativa 2/5: 1.158029s  SSE=33353.5367  iter=19
    tentativa 3/5: 1.146344s  SSE=33353.5367  iter=19
    tentativa 4/5: 1.152740s  SSE=33353.5367  iter=19
    tentativa 5/5: 1.149002s  SSE=33353.5367  iter=19
    -> media: 1.148275s

(vinhos.csv restaurado para o conteudo oficial original)

✅ Resultados salvos em: /home/cvnsantos/4/resultados.csv
   (32 linhas no total)

========== PARTE 2: OpenMP-GPU com nvc ==========

Modulos da parte 2:

Currently Loaded Modules:
  1) zlib-ng/2.2.1-gcc-8.5.0-nx3ks4o
  2) zstd/1.5.6-gcc-8.5.0-5rab3qi
  3) binutils/2.43.1-gcc-12.3.0-yjinuj6
  4) libiconv/1.17-gcc-8.5.0-aljgrlp
  5) xz/5.4.6-gcc-8.5.0-lljp7gg
  6) libxml2/2.13.4-gcc-8.5.0-judzn6c
  7) bzip2/1.0.8-gcc-8.5.0-lvokl5n
  8) ncurses/6.5-gcc-8.5.0-wksarjv
  9) pigz/2.8-gcc-8.5.0-32th6mj
 10) tar/1.34-gcc-8.5.0-x3eo6ne
 11) gettext/0.22.5-gcc-8.5.0-4ok7q66
 12) pkgconf/2.2.0-gcc-8.5.0-6pwk6kx
 13) elfutils/0.191-gcc-12.3.0-phhsnom
 14) libpciaccess/0.17-gcc-8.5.0-rmvwow4
 15) hwloc/2.11.1-gcc-8.5.0-lfxwh4q
 16) libdwarf/0.11.0-gcc-12.3.0-ltf2555
 17) libunwind/1.8.1-gcc-12.3.0-fy6kyfb
 18) openjdk/17.0.11_9-gcc-12.3.0-onok5ha
 19) openssl/3.4.0-gcc-8.5.0-v5gkkke
 20) libevent/2.1.12-gcc-8.5.0-d4qlhu4
 21) numactl/2.0.18-gcc-8.5.0-uqgd3rr
 22) krb5/1.21.3-gcc-8.5.0-m2fr6gr
 23) libedit/3.1-20240808-gcc-8.5.0-z4vl4qd
 24) libxcrypt/4.4.35-gcc-8.5.0-3o7er2x
 25) openssh/9.9p1-gcc-8.5.0-f4kn7z7
 26) pmix/5.0.3-gcc-8.5.0-lwlah4q
 27) openmpi/4.1.6-gcc-12.3.0-6rgnzbn
 28) libmd/1.0.4-gcc-8.5.0-6hubecx
 29) libbsd/0.12.2-gcc-8.5.0-gozzinq
 30) expat/2.6.4-gcc-8.5.0-licbhdn
 31) readline/8.2-gcc-8.5.0-tchyvju
 32) gdbm/1.23-gcc-8.5.0-swdhtug
 33) libffi/3.4.6-gcc-8.5.0-ohhcpk2
 34) sqlite/3.46.0-gcc-8.5.0-sxxfpax
 35) util-linux-uuid/2.40.2-gcc-8.5.0-ptgg4uv
 36) python/3.11.9-gcc-12.3.0-egxne7o
 37) gcc-runtime/12.3.0-gcc-12.3.0-4qxguxv
 38) python-venv/1.0-gcc-12.3.0-7dzgezw
 39) otf2/3.0.3-gcc-12.3.0-4k2hagi
 40) papi/7.1.0-gcc-12.3.0-x2goddi
 41) pdt/3.25.2-gcc-12.3.0-stwcgu7
 42) tau/2.35.1-gcc-12.3.0-ss4u6t2
 43) softwares/tau/2.35.1
 44) glibc/2.28-gcc-8.5.0-vqttnls
 45) cuda/12.6.2-gcc-8.5.0-ehvl44c
 46) compilers/nvidia/nvhpc/24.11

 


Verificando nvc:
/opt/npad/shared/compilers/nvidia_hpc_sdk/24.11/Linux_x86_64/24.11/compilers/bin/nvc

nvc 24.11-0 64-bit target on x86-64 Linux -tp broadwell 
NVIDIA Compilers and Tools
Copyright (c) 2024, NVIDIA CORPORATION & AFFILIATES.  All rights reserved.

Entrando em OpenMP_With_GPU...

Compilando OpenMP-GPU...

Voltando para a raiz do projeto...

Rodando OpenMP-GPU nos mesmos 5 tamanhos do CUDA/MPI+OpenMP...
(nao precisa do nvhpc carregado para EXECUTAR, so' precisou dele para compilar)
Dataset oficial: 250000 linhas
Tamanhos a testar: [15625, 31250, 62500, 125000, 250000]


=== OpenMP-GPU | tamanho=15625 (nivel=1) ===
    tentativa 1/5: 0.335160s  SSE=2080.3729  iter=40
    tentativa 2/5: 0.326155s  SSE=2080.3729  iter=40
    tentativa 3/5: 0.319794s  SSE=2080.3729  iter=40
    tentativa 4/5: 0.381692s  SSE=2080.3729  iter=40
    tentativa 5/5: 0.314391s  SSE=2080.3729  iter=40
  speedup=0.180x (vs sequencial nesse tamanho)

=== OpenMP-GPU | tamanho=31250 (nivel=2) ===
    tentativa 1/5: 0.381137s  SSE=4190.6624  iter=21
    tentativa 2/5: 0.378991s  SSE=4190.6624  iter=21
    tentativa 3/5: 0.371959s  SSE=4190.6624  iter=21
    tentativa 4/5: 0.366920s  SSE=4190.6624  iter=21
    tentativa 5/5: 0.378373s  SSE=4190.6624  iter=21
  speedup=0.249x (vs sequencial nesse tamanho)

=== OpenMP-GPU | tamanho=62500 (nivel=4) ===
    tentativa 1/5: 0.520028s  SSE=8370.3149  iter=22
    tentativa 2/5: 0.486397s  SSE=8370.3149  iter=22
    tentativa 3/5: 0.480744s  SSE=8370.3149  iter=22
    tentativa 4/5: 0.488081s  SSE=8370.3149  iter=22
    tentativa 5/5: 0.484552s  SSE=8370.3149  iter=22
  speedup=0.383x (vs sequencial nesse tamanho)

=== OpenMP-GPU | tamanho=125000 (nivel=8) ===
    tentativa 1/5: 0.762084s  SSE=16671.0472  iter=41
    tentativa 2/5: 0.709015s  SSE=16671.0472  iter=41
    tentativa 3/5: 0.706851s  SSE=16671.0472  iter=41
    tentativa 4/5: 0.720896s  SSE=16671.0472  iter=41
    tentativa 5/5: 0.702935s  SSE=16671.0472  iter=41
  speedup=0.645x (vs sequencial nesse tamanho)

=== OpenMP-GPU | tamanho=250000 (nivel=16) ===
    tentativa 1/5: 1.233838s  SSE=33353.5367  iter=19
    tentativa 2/5: 1.152983s  SSE=33353.5367  iter=19
    tentativa 3/5: 1.119374s  SSE=33353.5367  iter=19
    tentativa 4/5: 1.130738s  SSE=33353.5367  iter=19
    tentativa 5/5: 1.144745s  SSE=33353.5367  iter=19
  speedup=0.635x (vs sequencial nesse tamanho)

(vinhos.csv restaurado para o conteudo oficial original)

✅ 5 linhas do OpenMP-GPU adicionadas a: /home/cvnsantos/4/resultados.csv

========== RESULTADOS FINAIS ==========
versao,escalabilidade,processos_mpi,threads_openmp,linhas_dataset,tempo_segundos,speedup,eficiencia,sse_medio,iteracoes_medias
Sequencial,forte,1,1,250000,0.713329,1.0,1.0,33353.536656,19.0
MPI+OpenMP,forte,1,1,250000,0.743734,0.9591,0.9591,33353.536656,19.0
MPI+OpenMP,forte,2,1,250000,0.649106,1.0989,0.5495,33353.536656,19.0
MPI+OpenMP,forte,1,2,250000,0.732647,0.9736,0.4868,33353.536656,19.0
MPI+OpenMP,forte,4,1,250000,0.666477,1.0703,0.2676,33353.536656,19.0
MPI+OpenMP,forte,1,4,250000,0.732916,0.9733,0.2433,33353.536656,19.0
MPI+OpenMP,forte,2,2,250000,0.64232,1.1106,0.2776,33353.536656,19.0
MPI+OpenMP,forte,8,1,250000,0.791055,0.9017,0.1127,33353.536656,19.0
MPI+OpenMP,forte,1,8,250000,0.737388,0.9674,0.1209,33353.536656,19.0
MPI+OpenMP,forte,4,2,250000,0.735966,0.9692,0.1212,33353.536656,19.0
MPI+OpenMP,forte,16,1,250000,0.781257,0.9131,0.0571,33353.536656,19.0
MPI+OpenMP,forte,1,16,250000,0.741391,0.9622,0.0601,33353.536656,19.0
MPI+OpenMP,forte,8,2,250000,0.714833,0.9979,0.0624,33353.536656,19.0
MPI+OpenMP,forte,32,1,250000,1.137926,0.6269,0.0196,33353.536656,19.0
MPI+OpenMP,forte,1,32,250000,0.75326,0.947,0.0296,33353.536656,19.0
MPI+OpenMP,forte,16,2,250000,0.77214,0.9238,0.0289,33353.536656,19.0
MPI+OpenMP,forte,32,2,250000,1.88168,0.3791,0.0059,33353.536656,19.0
Sequencial,fraca,1,1,15625,0.060302,1.0,1.0,2080.372863,40.0
MPI+OpenMP,fraca,1,1,15625,0.057857,1.0423,1.0423,2080.372863,40.0
CUDA,fraca,,,15625,0.328281,0.1837,0.1837,2080.372863,40.0
Sequencial,fraca,1,1,31250,0.093663,1.0,1.0,4190.662386,21.0
MPI+OpenMP,fraca,2,1,31250,0.084048,1.1144,0.5572,4190.662386,21.0
CUDA,fraca,,,31250,0.357387,0.2621,0.2621,4190.662386,21.0
Sequencial,fraca,1,1,62500,0.188627,1.0,1.0,8370.314873,22.0
MPI+OpenMP,fraca,4,1,62500,0.17049,1.1064,0.2766,8370.314873,22.0
CUDA,fraca,,,62500,0.470359,0.401,0.401,8370.314873,22.0
Sequencial,fraca,1,1,125000,0.464849,1.0,1.0,16671.04717,41.0
MPI+OpenMP,fraca,8,1,125000,0.513882,0.9046,0.1131,16671.04717,41.0
CUDA,fraca,,,125000,0.882399,0.5268,0.5268,16671.04717,41.0
Sequencial,fraca,1,1,250000,0.733853,1.0,1.0,33353.536656,19.0
MPI+OpenMP,fraca,16,1,250000,0.666992,1.1002,0.0688,33353.536656,19.0
CUDA,fraca,,,250000,1.148275,0.6391,0.6391,33353.536656,19.0
OpenMP-GPU,fraca,,,15625,0.335438,0.1798,0.1798,2080.372863,40.0
OpenMP-GPU,fraca,,,31250,0.375476,0.2495,0.2495,4190.662386,21.0
OpenMP-GPU,fraca,,,62500,0.49196,0.3834,0.3834,8370.314873,22.0
OpenMP-GPU,fraca,,,125000,0.720356,0.6453,0.6453,16671.04717,41.0
OpenMP-GPU,fraca,,,250000,1.156336,0.6346,0.6346,33353.536656,19.0

Fim: seg jun 29 19:40:02 -03 2026
==========================================
