==========================================
Rodando no host: gpunode1.npad.internal
Job ID: 1898050
Diretorio: /home/cvnsantos/teste
Inicio: seg jun 29 04:09:06 -03 2026
==========================================

========== PARTE 1: Sequencial + MPI/OpenMP + CUDA ==========

Modulos da parte 1:

Currently Loaded Modules:
  1) zlib-ng/2.2.1-gcc-8.5.0-nx3ks4o
  2) zstd/1.5.6-gcc-8.5.0-5rab3qi
  3) binutils/2.43.1-gcc-12.3.0-yjinuj6
  4) libiconv/1.17-gcc-8.5.0-aljgrlp
  5) xz/5.4.6-gcc-8.5.0-lljp7gg
  6) libxml2/2.13.4-gcc-8.5.0-judzn6c
  7) bzip2/1.0.8-gcc-8.5.0-lvokl5n
  8) ncurses/6.5-gcc-8.5.0-wksarjv
  9) pigz/2.8-gcc-8.5.0-32th6mj
 10) tar/1.34-gcc-8.5.0-x3eo6ne
 11) gettext/0.22.5-gcc-8.5.0-4ok7q66
 12) pkgconf/2.2.0-gcc-8.5.0-6pwk6kx
 13) elfutils/0.191-gcc-12.3.0-phhsnom
 14) libpciaccess/0.17-gcc-8.5.0-rmvwow4
 15) hwloc/2.11.1-gcc-8.5.0-lfxwh4q
 16) libdwarf/0.11.0-gcc-12.3.0-ltf2555
 17) libunwind/1.8.1-gcc-12.3.0-fy6kyfb
 18) openjdk/17.0.11_9-gcc-12.3.0-onok5ha
 19) openssl/3.4.0-gcc-8.5.0-v5gkkke
 20) libevent/2.1.12-gcc-8.5.0-d4qlhu4
 21) numactl/2.0.18-gcc-8.5.0-uqgd3rr
 22) krb5/1.21.3-gcc-8.5.0-m2fr6gr
 23) libedit/3.1-20240808-gcc-8.5.0-z4vl4qd
 24) libxcrypt/4.4.35-gcc-8.5.0-3o7er2x
 25) openssh/9.9p1-gcc-8.5.0-f4kn7z7
 26) pmix/5.0.3-gcc-8.5.0-lwlah4q
 27) openmpi/4.1.6-gcc-12.3.0-6rgnzbn
 28) libmd/1.0.4-gcc-8.5.0-6hubecx
 29) libbsd/0.12.2-gcc-8.5.0-gozzinq
 30) expat/2.6.4-gcc-8.5.0-licbhdn
 31) readline/8.2-gcc-8.5.0-tchyvju
 32) gdbm/1.23-gcc-8.5.0-swdhtug
 33) libffi/3.4.6-gcc-8.5.0-ohhcpk2
 34) sqlite/3.46.0-gcc-8.5.0-sxxfpax
 35) util-linux-uuid/2.40.2-gcc-8.5.0-ptgg4uv
 36) python/3.11.9-gcc-12.3.0-egxne7o
 37) gcc-runtime/12.3.0-gcc-12.3.0-4qxguxv
 38) python-venv/1.0-gcc-12.3.0-7dzgezw
 39) otf2/3.0.3-gcc-12.3.0-4k2hagi
 40) papi/7.1.0-gcc-12.3.0-x2goddi
 41) pdt/3.25.2-gcc-12.3.0-stwcgu7
 42) tau/2.35.1-gcc-12.3.0-ss4u6t2
 43) softwares/tau/2.35.1
 44) glibc/2.28-gcc-8.5.0-vqttnls
 45) cuda/12.6.2-gcc-8.5.0-ehvl44c

 


GPU:
name, memory.total [MiB], compute_cap
Tesla V100-SXM2-16GB, 16384 MiB, 7.0

Rodando benchmark.py (Sequencial + MPI/OpenMP + CUDA)...
Dataset oficial: 106497 linhas (sera preservado; o script restaura no final)

Niveis de recurso para escalabilidade fraca -> tamanho de dataset:
  1 recurso(s) -> 6656 linhas
  2 recurso(s) -> 13312 linhas
  4 recurso(s) -> 26624 linhas
  8 recurso(s) -> 53248 linhas
  16 recurso(s) -> 106497 linhas

Compilando SEQUENCIAL...
  -> OK

=== SEQUENCIAL | tamanho oficial (106497 linhas) ===
    tentativa 1/5: 0.449008s  SSE=9290.0654  iter=61
    tentativa 2/5: 0.443707s  SSE=9290.0654  iter=61
    tentativa 3/5: 0.444222s  SSE=9290.0654  iter=61
    tentativa 4/5: 0.421471s  SSE=9290.0654  iter=61
    tentativa 5/5: 0.420729s  SSE=9290.0654  iter=61
    -> media: 0.435827s
Compilando MPI + OpenMP...
  -> OK

--- Escalabilidade FORTE (tamanho fixo = 106497 linhas) ---

=== MPI+OpenMP [FORTE] | processos=1 threads=1 (tamanho=106497) ===
    tentativa 1/5: 0.409381s  SSE=9290.0654  iter=61
    tentativa 2/5: 0.409721s  SSE=9290.0654  iter=61
    tentativa 3/5: 0.407714s  SSE=9290.0654  iter=61
    tentativa 4/5: 0.409975s  SSE=9290.0654  iter=61
    tentativa 5/5: 0.409385s  SSE=9290.0654  iter=61
    -> media: 0.409235s
  speedup=1.065x  eficiencia=106.5%

=== MPI+OpenMP [FORTE] | processos=2 threads=1 (tamanho=106497) ===
    tentativa 1/5: 0.300038s  SSE=9290.0654  iter=61
    tentativa 2/5: 0.301045s  SSE=9290.0654  iter=61
    tentativa 3/5: 0.300152s  SSE=9290.0654  iter=61
    tentativa 4/5: 0.300061s  SSE=9290.0654  iter=61
    tentativa 5/5: 0.300539s  SSE=9290.0654  iter=61
    -> media: 0.300367s
  speedup=1.451x  eficiencia=72.5%

=== MPI+OpenMP [FORTE] | processos=1 threads=2 (tamanho=106497) ===
    tentativa 1/5: 0.401519s  SSE=9290.0654  iter=61
    tentativa 2/5: 0.402133s  SSE=9290.0654  iter=61
    tentativa 3/5: 0.400092s  SSE=9290.0654  iter=61
    tentativa 4/5: 0.400541s  SSE=9290.0654  iter=61
    tentativa 5/5: 0.401438s  SSE=9290.0654  iter=61
    -> media: 0.401145s
  speedup=1.086x  eficiencia=54.3%

=== MPI+OpenMP [FORTE] | processos=4 threads=1 (tamanho=106497) ===
    tentativa 1/5: 0.253988s  SSE=9290.0654  iter=61
    tentativa 2/5: 0.250734s  SSE=9290.0654  iter=61
    tentativa 3/5: 0.246031s  SSE=9290.0654  iter=61
    tentativa 4/5: 0.244853s  SSE=9290.0654  iter=61
    tentativa 5/5: 0.251368s  SSE=9290.0654  iter=61
    -> media: 0.249395s
  speedup=1.748x  eficiencia=43.7%

=== MPI+OpenMP [FORTE] | processos=1 threads=4 (tamanho=106497) ===
    tentativa 1/5: 0.405070s  SSE=9290.0654  iter=61
    tentativa 2/5: 0.406768s  SSE=9290.0654  iter=61
    tentativa 3/5: 0.403739s  SSE=9290.0654  iter=61
    tentativa 4/5: 0.407654s  SSE=9290.0654  iter=61
    tentativa 5/5: 0.405744s  SSE=9290.0654  iter=61
    -> media: 0.405795s
  speedup=1.074x  eficiencia=26.9%

=== MPI+OpenMP [FORTE] | processos=2 threads=2 (tamanho=106497) ===
    tentativa 1/5: 0.303523s  SSE=9290.0654  iter=61
    tentativa 2/5: 0.303393s  SSE=9290.0654  iter=61
    tentativa 3/5: 0.302799s  SSE=9290.0654  iter=61
    tentativa 4/5: 0.304845s  SSE=9290.0654  iter=61
    tentativa 5/5: 0.303387s  SSE=9290.0654  iter=61
    -> media: 0.303589s
  speedup=1.436x  eficiencia=35.9%

=== MPI+OpenMP [FORTE] | processos=8 threads=1 (tamanho=106497) ===
    tentativa 1/5: 0.264717s  SSE=9290.0654  iter=61
    tentativa 2/5: 0.242544s  SSE=9290.0654  iter=61
    tentativa 3/5: 0.270828s  SSE=9290.0654  iter=61
    tentativa 4/5: 0.260918s  SSE=9290.0654  iter=61
    tentativa 5/5: 0.294582s  SSE=9290.0654  iter=61
    -> media: 0.266718s
  speedup=1.634x  eficiencia=20.4%

=== MPI+OpenMP [FORTE] | processos=1 threads=8 (tamanho=106497) ===
    tentativa 1/5: 0.410081s  SSE=9290.0654  iter=61
    tentativa 2/5: 0.416052s  SSE=9290.0654  iter=61
    tentativa 3/5: 0.411435s  SSE=9290.0654  iter=61
    tentativa 4/5: 0.412896s  SSE=9290.0654  iter=61
    tentativa 5/5: 0.412781s  SSE=9290.0654  iter=61
    -> media: 0.412649s
  speedup=1.056x  eficiencia=13.2%

=== MPI+OpenMP [FORTE] | processos=4 threads=2 (tamanho=106497) ===
    tentativa 1/5: 0.328171s  SSE=9290.0654  iter=61
    tentativa 2/5: 0.256988s  SSE=9290.0654  iter=61
    tentativa 3/5: 0.253632s  SSE=9290.0654  iter=61
    tentativa 4/5: 0.272447s  SSE=9290.0654  iter=61
    tentativa 5/5: 0.266550s  SSE=9290.0654  iter=61
    -> media: 0.275558s
  speedup=1.582x  eficiencia=19.8%

=== MPI+OpenMP [FORTE] | processos=16 threads=1 (tamanho=106497) ===
    tentativa 1/5: 0.308128s  SSE=9290.0654  iter=61
    tentativa 2/5: 0.231855s  SSE=9290.0654  iter=61
    tentativa 3/5: 0.310725s  SSE=9290.0654  iter=61
    tentativa 4/5: 0.231733s  SSE=9290.0654  iter=61
    tentativa 5/5: 0.232476s  SSE=9290.0654  iter=61
    -> media: 0.262983s
  speedup=1.657x  eficiencia=10.4%

=== MPI+OpenMP [FORTE] | processos=1 threads=16 (tamanho=106497) ===
    tentativa 1/5: 0.428662s  SSE=9290.0654  iter=61
    tentativa 2/5: 0.429982s  SSE=9290.0654  iter=61
    tentativa 3/5: 0.432354s  SSE=9290.0654  iter=61
    tentativa 4/5: 0.430860s  SSE=9290.0654  iter=61
    tentativa 5/5: 0.426980s  SSE=9290.0654  iter=61
    -> media: 0.429768s
  speedup=1.014x  eficiencia=6.3%

=== MPI+OpenMP [FORTE] | processos=8 threads=2 (tamanho=106497) ===
    tentativa 1/5: 0.326173s  SSE=9290.0654  iter=61
    tentativa 2/5: 0.282085s  SSE=9290.0654  iter=61
    tentativa 3/5: 0.349230s  SSE=9290.0654  iter=61
    tentativa 4/5: 0.247882s  SSE=9290.0654  iter=61
    tentativa 5/5: 0.265672s  SSE=9290.0654  iter=61
    -> media: 0.294208s
  speedup=1.481x  eficiencia=9.3%

=== MPI+OpenMP [FORTE] | processos=32 threads=1 (tamanho=106497) ===
    tentativa 1/5: 0.415756s  SSE=9290.0654  iter=61
    tentativa 2/5: 0.424252s  SSE=9290.0654  iter=61
    tentativa 3/5: 0.397851s  SSE=9290.0654  iter=61
    tentativa 4/5: 0.460961s  SSE=9290.0654  iter=61
    tentativa 5/5: 0.417781s  SSE=9290.0654  iter=61
    -> media: 0.423320s
  speedup=1.030x  eficiencia=3.2%

=== MPI+OpenMP [FORTE] | processos=1 threads=32 (tamanho=106497) ===
    tentativa 1/5: 0.469427s  SSE=9290.0654  iter=61
    tentativa 2/5: 0.467228s  SSE=9290.0654  iter=61
    tentativa 3/5: 0.472356s  SSE=9290.0654  iter=61
    tentativa 4/5: 0.466990s  SSE=9290.0654  iter=61
    tentativa 5/5: 0.466552s  SSE=9290.0654  iter=61
    -> media: 0.468511s
  speedup=0.930x  eficiencia=2.9%

=== MPI+OpenMP [FORTE] | processos=16 threads=2 (tamanho=106497) ===
    tentativa 1/5: 0.250325s  SSE=9290.0654  iter=61
    tentativa 2/5: 0.360835s  SSE=9290.0654  iter=61
    tentativa 3/5: 0.243924s  SSE=9290.0654  iter=61
    tentativa 4/5: 0.286179s  SSE=9290.0654  iter=61
    tentativa 5/5: 0.309057s  SSE=9290.0654  iter=61
    -> media: 0.290064s
  speedup=1.503x  eficiencia=4.7%

=== MPI+OpenMP [FORTE] | processos=32 threads=2 (tamanho=106497) ===
    tentativa 1/5: 2.747925s  SSE=9290.0654  iter=61
    tentativa 2/5: 2.814620s  SSE=9290.0654  iter=61
    tentativa 3/5: 2.800346s  SSE=9290.0654  iter=61
    tentativa 4/5: 2.782133s  SSE=9290.0654  iter=61
    tentativa 5/5: 2.744624s  SSE=9290.0654  iter=61
    -> media: 2.777930s
  speedup=0.157x  eficiencia=0.2%


########## ESCALABILIDADE FRACA (tamanho varia com os recursos) ##########
Compilando CUDA...
  -> OK
[AVISO] Pasta 'OpenMP_With_GPU/' existe mas 'nvc' (NVIDIA HPC SDK) nao foi encontrado -- pulando OpenMP-GPU. Confirme 'module load' no job SLURM.

----- Tamanho desta rodada: 6656 linhas (nivel de recurso=1) -----

=== Sequencial [FRACA] | tamanho=6656 ===
    tentativa 1/5: 0.020645s  SSE=724.2656  iter=32
    tentativa 2/5: 0.021194s  SSE=724.2656  iter=32
    tentativa 3/5: 0.021469s  SSE=724.2656  iter=32
    tentativa 4/5: 0.021792s  SSE=724.2656  iter=32
    tentativa 5/5: 0.020275s  SSE=724.2656  iter=32
    -> media: 0.021075s

=== MPI+OpenMP [FRACA] | processos=1 threads=1 | tamanho=6656 ===
    tentativa 1/5: 0.020542s  SSE=724.2656  iter=32
    tentativa 2/5: 0.019636s  SSE=724.2656  iter=32
    tentativa 3/5: 0.019599s  SSE=724.2656  iter=32
    tentativa 4/5: 0.019533s  SSE=724.2656  iter=32
    tentativa 5/5: 0.019622s  SSE=724.2656  iter=32
    -> media: 0.019786s
  speedup=1.065x  eficiencia=106.5% (ideal p/ weak scaling: eficiencia ~100%)

=== CUDA | tamanho=6656 ===
    tentativa 1/5: 0.025549s  SSE=724.2656  iter=32
    tentativa 2/5: 0.025143s  SSE=724.2656  iter=32
    tentativa 3/5: 0.024224s  SSE=724.2656  iter=32
    tentativa 4/5: 0.025750s  SSE=724.2656  iter=32
    tentativa 5/5: 0.026467s  SSE=724.2656  iter=32
    -> media: 0.025427s

----- Tamanho desta rodada: 13312 linhas (nivel de recurso=2) -----

=== Sequencial [FRACA] | tamanho=13312 ===
    tentativa 1/5: 0.040084s  SSE=1167.3735  iter=31
    tentativa 2/5: 0.038730s  SSE=1167.3735  iter=31
    tentativa 3/5: 0.040227s  SSE=1167.3735  iter=31
    tentativa 4/5: 0.040335s  SSE=1167.3735  iter=31
    tentativa 5/5: 0.040857s  SSE=1167.3735  iter=31
    -> media: 0.040047s

=== MPI+OpenMP [FRACA] | processos=2 threads=1 | tamanho=13312 ===
    tentativa 1/5: 0.032304s  SSE=1167.3735  iter=31
    tentativa 2/5: 0.031457s  SSE=1167.3735  iter=31
    tentativa 3/5: 0.031666s  SSE=1167.3735  iter=31
    tentativa 4/5: 0.031881s  SSE=1167.3735  iter=31
    tentativa 5/5: 0.031586s  SSE=1167.3735  iter=31
    -> media: 0.031779s
  speedup=1.260x  eficiencia=63.0% (ideal p/ weak scaling: eficiencia ~100%)

=== CUDA | tamanho=13312 ===
    tentativa 1/5: 0.269778s  SSE=1167.3742  iter=27
    tentativa 2/5: 0.337909s  SSE=1167.3742  iter=27
    tentativa 3/5: 0.203169s  SSE=1167.3742  iter=27
    tentativa 4/5: 0.203043s  SSE=1167.3742  iter=27
    tentativa 5/5: 0.272152s  SSE=1167.3742  iter=27
    -> media: 0.257210s

----- Tamanho desta rodada: 26624 linhas (nivel de recurso=4) -----

=== Sequencial [FRACA] | tamanho=26624 ===
    tentativa 1/5: 0.132636s  SSE=2322.4662  iter=81
    tentativa 2/5: 0.127827s  SSE=2322.4662  iter=81
    tentativa 3/5: 0.135123s  SSE=2322.4662  iter=81
    tentativa 4/5: 0.136222s  SSE=2322.4662  iter=81
    tentativa 5/5: 0.135723s  SSE=2322.4662  iter=81
    -> media: 0.133506s

=== MPI+OpenMP [FRACA] | processos=4 threads=1 | tamanho=26624 ===
    tentativa 1/5: 0.068007s  SSE=2322.4662  iter=81
    tentativa 2/5: 0.068016s  SSE=2322.4662  iter=81
    tentativa 3/5: 0.067472s  SSE=2322.4662  iter=81
    tentativa 4/5: 0.067149s  SSE=2322.4662  iter=81
    tentativa 5/5: 0.067105s  SSE=2322.4662  iter=81
    -> media: 0.067550s
  speedup=1.976x  eficiencia=49.4% (ideal p/ weak scaling: eficiencia ~100%)

=== CUDA | tamanho=26624 ===
    tentativa 1/5: 0.731261s  SSE=2322.4681  iter=74
    tentativa 2/5: 0.731915s  SSE=2322.4681  iter=74
    tentativa 3/5: 0.728486s  SSE=2322.4681  iter=74
    tentativa 4/5: 0.729216s  SSE=2322.4681  iter=74
    tentativa 5/5: 0.734513s  SSE=2322.4681  iter=74
    -> media: 0.731078s

----- Tamanho desta rodada: 53248 linhas (nivel de recurso=8) -----

=== Sequencial [FRACA] | tamanho=53248 ===
    tentativa 1/5: 0.133235s  SSE=4736.3675  iter=20
    tentativa 2/5: 0.130976s  SSE=4736.3675  iter=20
    tentativa 3/5: 0.130505s  SSE=4736.3675  iter=20
    tentativa 4/5: 0.130756s  SSE=4736.3675  iter=20
    tentativa 5/5: 0.130695s  SSE=4736.3675  iter=20
    -> media: 0.131233s

=== MPI+OpenMP [FRACA] | processos=8 threads=1 | tamanho=53248 ===
    tentativa 1/5: 0.114102s  SSE=4736.3675  iter=20
    tentativa 2/5: 0.111158s  SSE=4736.3675  iter=20
    tentativa 3/5: 0.114137s  SSE=4736.3675  iter=20
    tentativa 4/5: 0.177134s  SSE=4736.3675  iter=20
    tentativa 5/5: 0.130769s  SSE=4736.3675  iter=20
    -> media: 0.129460s
  speedup=1.014x  eficiencia=12.7% (ideal p/ weak scaling: eficiencia ~100%)

=== CUDA | tamanho=53248 ===
    tentativa 1/5: 0.106266s  SSE=4736.3685  iter=14
    tentativa 2/5: 0.106904s  SSE=4736.3685  iter=14
    tentativa 3/5: 0.106780s  SSE=4736.3685  iter=14
    tentativa 4/5: 0.106536s  SSE=4736.3685  iter=14
    tentativa 5/5: 0.106009s  SSE=4736.3685  iter=14
    -> media: 0.106499s

----- Tamanho desta rodada: 106497 linhas (nivel de recurso=16) -----

=== Sequencial [FRACA] | tamanho=106497 ===
    tentativa 1/5: 0.449168s  SSE=9290.0654  iter=61
    tentativa 2/5: 0.423256s  SSE=9290.0654  iter=61
    tentativa 3/5: 0.447535s  SSE=9290.0654  iter=61
    tentativa 4/5: 0.479213s  SSE=9290.0654  iter=61
    tentativa 5/5: 0.444858s  SSE=9290.0654  iter=61
    -> media: 0.448806s

=== MPI+OpenMP [FRACA] | processos=16 threads=1 | tamanho=106497 ===
    tentativa 1/5: 0.233055s  SSE=9290.0654  iter=61
    tentativa 2/5: 0.310888s  SSE=9290.0654  iter=61
    tentativa 3/5: 0.296684s  SSE=9290.0654  iter=61
    tentativa 4/5: 0.231220s  SSE=9290.0654  iter=61
    tentativa 5/5: 0.231897s  SSE=9290.0654  iter=61
    -> media: 0.260749s
  speedup=1.721x  eficiencia=10.8% (ideal p/ weak scaling: eficiencia ~100%)

=== CUDA | tamanho=106497 ===
    tentativa 1/5: 0.392022s  SSE=9290.0775  iter=32
    tentativa 2/5: 0.237656s  SSE=9290.0775  iter=32
    tentativa 3/5: 0.236045s  SSE=9290.0775  iter=32
    tentativa 4/5: 0.391510s  SSE=9290.0775  iter=32
    tentativa 5/5: 0.393687s  SSE=9290.0775  iter=32
    -> media: 0.330184s

(vinhos.csv restaurado para o conteudo oficial original)

✅ Resultados salvos em: /home/cvnsantos/teste/resultados.csv
   (32 linhas no total)

========== PARTE 2: OpenMP-GPU com nvc ==========

Modulos da parte 2:

Currently Loaded Modules:
  1) zlib-ng/2.2.1-gcc-8.5.0-nx3ks4o
  2) zstd/1.5.6-gcc-8.5.0-5rab3qi
  3) binutils/2.43.1-gcc-12.3.0-yjinuj6
  4) libiconv/1.17-gcc-8.5.0-aljgrlp
  5) xz/5.4.6-gcc-8.5.0-lljp7gg
  6) libxml2/2.13.4-gcc-8.5.0-judzn6c
  7) bzip2/1.0.8-gcc-8.5.0-lvokl5n
  8) ncurses/6.5-gcc-8.5.0-wksarjv
  9) pigz/2.8-gcc-8.5.0-32th6mj
 10) tar/1.34-gcc-8.5.0-x3eo6ne
 11) gettext/0.22.5-gcc-8.5.0-4ok7q66
 12) pkgconf/2.2.0-gcc-8.5.0-6pwk6kx
 13) elfutils/0.191-gcc-12.3.0-phhsnom
 14) libpciaccess/0.17-gcc-8.5.0-rmvwow4
 15) hwloc/2.11.1-gcc-8.5.0-lfxwh4q
 16) libdwarf/0.11.0-gcc-12.3.0-ltf2555
 17) libunwind/1.8.1-gcc-12.3.0-fy6kyfb
 18) openjdk/17.0.11_9-gcc-12.3.0-onok5ha
 19) openssl/3.4.0-gcc-8.5.0-v5gkkke
 20) libevent/2.1.12-gcc-8.5.0-d4qlhu4
 21) numactl/2.0.18-gcc-8.5.0-uqgd3rr
 22) krb5/1.21.3-gcc-8.5.0-m2fr6gr
 23) libedit/3.1-20240808-gcc-8.5.0-z4vl4qd
 24) libxcrypt/4.4.35-gcc-8.5.0-3o7er2x
 25) openssh/9.9p1-gcc-8.5.0-f4kn7z7
 26) pmix/5.0.3-gcc-8.5.0-lwlah4q
 27) openmpi/4.1.6-gcc-12.3.0-6rgnzbn
 28) libmd/1.0.4-gcc-8.5.0-6hubecx
 29) libbsd/0.12.2-gcc-8.5.0-gozzinq
 30) expat/2.6.4-gcc-8.5.0-licbhdn
 31) readline/8.2-gcc-8.5.0-tchyvju
 32) gdbm/1.23-gcc-8.5.0-swdhtug
 33) libffi/3.4.6-gcc-8.5.0-ohhcpk2
 34) sqlite/3.46.0-gcc-8.5.0-sxxfpax
 35) util-linux-uuid/2.40.2-gcc-8.5.0-ptgg4uv
 36) python/3.11.9-gcc-12.3.0-egxne7o
 37) gcc-runtime/12.3.0-gcc-12.3.0-4qxguxv
 38) python-venv/1.0-gcc-12.3.0-7dzgezw
 39) otf2/3.0.3-gcc-12.3.0-4k2hagi
 40) papi/7.1.0-gcc-12.3.0-x2goddi
 41) pdt/3.25.2-gcc-12.3.0-stwcgu7
 42) tau/2.35.1-gcc-12.3.0-ss4u6t2
 43) softwares/tau/2.35.1
 44) glibc/2.28-gcc-8.5.0-vqttnls
 45) cuda/12.6.2-gcc-8.5.0-ehvl44c
 46) compilers/nvidia/nvhpc/24.11

 


Verificando nvc:
/opt/npad/shared/compilers/nvidia_hpc_sdk/24.11/Linux_x86_64/24.11/compilers/bin/nvc

nvc 24.11-0 64-bit target on x86-64 Linux -tp broadwell 
NVIDIA Compilers and Tools
Copyright (c) 2024, NVIDIA CORPORATION & AFFILIATES.  All rights reserved.

Entrando em OpenMP_With_GPU...

Compilando OpenMP-GPU...

Voltando para a raiz do projeto...

Rodando OpenMP-GPU nos mesmos 5 tamanhos do CUDA/MPI+OpenMP...
(nao precisa do nvhpc carregado para EXECUTAR, so' precisou dele para compilar)
Dataset oficial: 106497 linhas
Tamanhos a testar: [6656, 13312, 26624, 53248, 106497]


=== OpenMP-GPU | tamanho=6656 (nivel=1) ===
    tentativa 1/5: 0.310526s  SSE=724.2656  iter=32
    tentativa 2/5: 0.304292s  SSE=724.2656  iter=32
    tentativa 3/5: 0.294408s  SSE=724.2656  iter=32
    tentativa 4/5: 0.293077s  SSE=724.2656  iter=32
    tentativa 5/5: 0.295235s  SSE=724.2656  iter=32
  speedup=0.070x (vs sequencial nesse tamanho)

=== OpenMP-GPU | tamanho=13312 (nivel=2) ===
    tentativa 1/5: 0.324360s  SSE=1167.3735  iter=31
    tentativa 2/5: 0.335233s  SSE=1167.3735  iter=31
    tentativa 3/5: 0.322153s  SSE=1167.3735  iter=31
    tentativa 4/5: 0.322817s  SSE=1167.3735  iter=31
    tentativa 5/5: 0.334144s  SSE=1167.3735  iter=31
  speedup=0.122x (vs sequencial nesse tamanho)

=== OpenMP-GPU | tamanho=26624 (nivel=4) ===
    tentativa 1/5: 0.582614s  SSE=2322.4662  iter=81
    tentativa 2/5: 0.577023s  SSE=2322.4662  iter=81
    tentativa 3/5: 0.583329s  SSE=2322.4662  iter=81
    tentativa 4/5: 0.736029s  SSE=2322.4662  iter=81
    tentativa 5/5: 0.584354s  SSE=2322.4662  iter=81
  speedup=0.218x (vs sequencial nesse tamanho)

=== OpenMP-GPU | tamanho=53248 (nivel=8) ===
    tentativa 1/5: 0.503711s  SSE=4736.3675  iter=20
    tentativa 2/5: 0.501895s  SSE=4736.3675  iter=20
    tentativa 3/5: 0.495820s  SSE=4736.3675  iter=20
    tentativa 4/5: 0.501619s  SSE=4736.3675  iter=20
    tentativa 5/5: 0.501800s  SSE=4736.3675  iter=20
  speedup=0.262x (vs sequencial nesse tamanho)

=== OpenMP-GPU | tamanho=106497 (nivel=16) ===
    tentativa 1/5: 0.825289s  SSE=9290.0654  iter=61
    tentativa 2/5: 0.825493s  SSE=9290.0654  iter=61
    tentativa 3/5: 0.826873s  SSE=9290.0654  iter=61
    tentativa 4/5: 0.823503s  SSE=9290.0654  iter=61
    tentativa 5/5: 0.823998s  SSE=9290.0654  iter=61
  speedup=0.544x (vs sequencial nesse tamanho)

(vinhos.csv restaurado para o conteudo oficial original)

✅ 5 linhas do OpenMP-GPU adicionadas a: /home/cvnsantos/teste/resultados.csv

========== RESULTADOS FINAIS ==========
versao,escalabilidade,processos_mpi,threads_openmp,linhas_dataset,tempo_segundos,speedup,eficiencia,sse_medio,iteracoes_medias
Sequencial,forte,1,1,106497,0.435827,1.0,1.0,9290.065373,61.0
MPI+OpenMP,forte,1,1,106497,0.409235,1.065,1.065,9290.065373,61.0
MPI+OpenMP,forte,2,1,106497,0.300367,1.451,0.7255,9290.065373,61.0
MPI+OpenMP,forte,1,2,106497,0.401145,1.0865,0.5432,9290.065373,61.0
MPI+OpenMP,forte,4,1,106497,0.249395,1.7475,0.4369,9290.065373,61.0
MPI+OpenMP,forte,1,4,106497,0.405795,1.074,0.2685,9290.065373,61.0
MPI+OpenMP,forte,2,2,106497,0.303589,1.4356,0.3589,9290.065373,61.0
MPI+OpenMP,forte,8,1,106497,0.266718,1.634,0.2043,9290.065373,61.0
MPI+OpenMP,forte,1,8,106497,0.412649,1.0562,0.132,9290.065373,61.0
MPI+OpenMP,forte,4,2,106497,0.275558,1.5816,0.1977,9290.065373,61.0
MPI+OpenMP,forte,16,1,106497,0.262983,1.6572,0.1036,9290.065373,61.0
MPI+OpenMP,forte,1,16,106497,0.429768,1.0141,0.0634,9290.065373,61.0
MPI+OpenMP,forte,8,2,106497,0.294208,1.4814,0.0926,9290.065373,61.0
MPI+OpenMP,forte,32,1,106497,0.42332,1.0295,0.0322,9290.065373,61.0
MPI+OpenMP,forte,1,32,106497,0.468511,0.9302,0.0291,9290.065373,61.0
MPI+OpenMP,forte,16,2,106497,0.290064,1.5025,0.047,9290.065373,61.0
MPI+OpenMP,forte,32,2,106497,2.77793,0.1569,0.0025,9290.065373,61.0
Sequencial,fraca,1,1,6656,0.021075,1.0,1.0,724.265584,32.0
MPI+OpenMP,fraca,1,1,6656,0.019786,1.0651,1.0651,724.265584,32.0
CUDA,fraca,,,6656,0.025427,0.8289,0.8289,724.265584,32.0
Sequencial,fraca,1,1,13312,0.040047,1.0,1.0,1167.373491,31.0
MPI+OpenMP,fraca,2,1,13312,0.031779,1.2602,0.6301,1167.373491,31.0
CUDA,fraca,,,13312,0.25721,0.1557,0.1557,1167.374163,27.0
Sequencial,fraca,1,1,26624,0.133506,1.0,1.0,2322.466161,81.0
MPI+OpenMP,fraca,4,1,26624,0.06755,1.9764,0.4941,2322.466161,81.0
CUDA,fraca,,,26624,0.731078,0.1826,0.1826,2322.468098,74.0
Sequencial,fraca,1,1,53248,0.131233,1.0,1.0,4736.367462,20.0
MPI+OpenMP,fraca,8,1,53248,0.12946,1.0137,0.1267,4736.367462,20.0
CUDA,fraca,,,53248,0.106499,1.2323,1.2323,4736.368532,14.0
Sequencial,fraca,1,1,106497,0.448806,1.0,1.0,9290.065373,61.0
MPI+OpenMP,fraca,16,1,106497,0.260749,1.7212,0.1076,9290.065373,61.0
CUDA,fraca,,,106497,0.330184,1.3593,1.3593,9290.07749,32.0
OpenMP-GPU,fraca,,,6656,0.299508,0.0704,0.0704,724.265584,32.0
OpenMP-GPU,fraca,,,13312,0.327741,0.1222,0.1222,1167.373491,31.0
OpenMP-GPU,fraca,,,26624,0.61267,0.2179,0.2179,2322.466161,81.0
OpenMP-GPU,fraca,,,53248,0.500969,0.262,0.262,4736.367462,20.0
OpenMP-GPU,fraca,,,106497,0.825031,0.544,0.544,9290.065373,61.0

Fim: seg jun 29 04:11:14 -03 2026
==========================================
