==========================================
Rodando no host: gpunode1.npad.internal
Job ID: 1898041
Diretorio: /home/cvnsantos/teste_novo
Inicio: seg jun 29 03:02:21 -03 2026
==========================================

========== PARTE 1: Sequencial + MPI/OpenMP + CUDA ==========

Modulos da parte 1:

Currently Loaded Modules:
  1) zlib-ng/2.2.1-gcc-8.5.0-nx3ks4o
  2) zstd/1.5.6-gcc-8.5.0-5rab3qi
  3) binutils/2.43.1-gcc-12.3.0-yjinuj6
  4) libiconv/1.17-gcc-8.5.0-aljgrlp
  5) xz/5.4.6-gcc-8.5.0-lljp7gg
  6) libxml2/2.13.4-gcc-8.5.0-judzn6c
  7) bzip2/1.0.8-gcc-8.5.0-lvokl5n
  8) ncurses/6.5-gcc-8.5.0-wksarjv
  9) pigz/2.8-gcc-8.5.0-32th6mj
 10) tar/1.34-gcc-8.5.0-x3eo6ne
 11) gettext/0.22.5-gcc-8.5.0-4ok7q66
 12) pkgconf/2.2.0-gcc-8.5.0-6pwk6kx
 13) elfutils/0.191-gcc-12.3.0-phhsnom
 14) libpciaccess/0.17-gcc-8.5.0-rmvwow4
 15) hwloc/2.11.1-gcc-8.5.0-lfxwh4q
 16) libdwarf/0.11.0-gcc-12.3.0-ltf2555
 17) libunwind/1.8.1-gcc-12.3.0-fy6kyfb
 18) openjdk/17.0.11_9-gcc-12.3.0-onok5ha
 19) openssl/3.4.0-gcc-8.5.0-v5gkkke
 20) libevent/2.1.12-gcc-8.5.0-d4qlhu4
 21) numactl/2.0.18-gcc-8.5.0-uqgd3rr
 22) krb5/1.21.3-gcc-8.5.0-m2fr6gr
 23) libedit/3.1-20240808-gcc-8.5.0-z4vl4qd
 24) libxcrypt/4.4.35-gcc-8.5.0-3o7er2x
 25) openssh/9.9p1-gcc-8.5.0-f4kn7z7
 26) pmix/5.0.3-gcc-8.5.0-lwlah4q
 27) openmpi/4.1.6-gcc-12.3.0-6rgnzbn
 28) libmd/1.0.4-gcc-8.5.0-6hubecx
 29) libbsd/0.12.2-gcc-8.5.0-gozzinq
 30) expat/2.6.4-gcc-8.5.0-licbhdn
 31) readline/8.2-gcc-8.5.0-tchyvju
 32) gdbm/1.23-gcc-8.5.0-swdhtug
 33) libffi/3.4.6-gcc-8.5.0-ohhcpk2
 34) sqlite/3.46.0-gcc-8.5.0-sxxfpax
 35) util-linux-uuid/2.40.2-gcc-8.5.0-ptgg4uv
 36) python/3.11.9-gcc-12.3.0-egxne7o
 37) gcc-runtime/12.3.0-gcc-12.3.0-4qxguxv
 38) python-venv/1.0-gcc-12.3.0-7dzgezw
 39) otf2/3.0.3-gcc-12.3.0-4k2hagi
 40) papi/7.1.0-gcc-12.3.0-x2goddi
 41) pdt/3.25.2-gcc-12.3.0-stwcgu7
 42) tau/2.35.1-gcc-12.3.0-ss4u6t2
 43) softwares/tau/2.35.1
 44) glibc/2.28-gcc-8.5.0-vqttnls
 45) cuda/12.6.2-gcc-8.5.0-ehvl44c

 


GPU:
name, memory.total [MiB], compute_cap
Tesla V100-SXM2-16GB, 16384 MiB, 7.0

Rodando benchmark.py sem nvhpc...
Dataset oficial: 106497 linhas (sera preservado; o script restaura no final)

Niveis de recurso para escalabilidade fraca -> tamanho de dataset:
  1 recurso(s) -> 6656 linhas
  2 recurso(s) -> 13312 linhas
  4 recurso(s) -> 26624 linhas
  8 recurso(s) -> 53248 linhas
  16 recurso(s) -> 106497 linhas

Compilando SEQUENCIAL...
  -> OK

=== SEQUENCIAL | tamanho oficial (106497 linhas) ===
    tentativa 1/5: 0.446700s  SSE=9290.0654  iter=61
    tentativa 2/5: 0.446556s  SSE=9290.0654  iter=61
    tentativa 3/5: 0.446826s  SSE=9290.0654  iter=61
    tentativa 4/5: 0.448287s  SSE=9290.0654  iter=61
    tentativa 5/5: 0.446314s  SSE=9290.0654  iter=61
    -> media: 0.446937s
Compilando MPI + OpenMP...
  -> OK

--- Escalabilidade FORTE (tamanho fixo = 106497 linhas) ---

=== MPI+OpenMP [FORTE] | processos=1 threads=1 (tamanho=106497) ===
    tentativa 1/5: 0.409364s  SSE=9290.0654  iter=61
    tentativa 2/5: 0.406019s  SSE=9290.0654  iter=61
    tentativa 3/5: 0.418548s  SSE=9290.0654  iter=61
    tentativa 4/5: 0.406017s  SSE=9290.0654  iter=61
    tentativa 5/5: 0.418315s  SSE=9290.0654  iter=61
    -> media: 0.411653s
  speedup=1.086x  eficiencia=108.6%

=== MPI+OpenMP [FORTE] | processos=2 threads=1 (tamanho=106497) ===
    tentativa 1/5: 0.316055s  SSE=9290.0654  iter=61
    tentativa 2/5: 0.314670s  SSE=9290.0654  iter=61
    tentativa 3/5: 0.298231s  SSE=9290.0654  iter=61
    tentativa 4/5: 0.300178s  SSE=9290.0654  iter=61
    tentativa 5/5: 0.300330s  SSE=9290.0654  iter=61
    -> media: 0.305893s
  speedup=1.461x  eficiencia=73.1%

=== MPI+OpenMP [FORTE] | processos=1 threads=2 (tamanho=106497) ===
    tentativa 1/5: 0.399753s  SSE=9290.0654  iter=61
    tentativa 2/5: 0.399987s  SSE=9290.0654  iter=61
    tentativa 3/5: 0.402069s  SSE=9290.0654  iter=61
    tentativa 4/5: 0.400131s  SSE=9290.0654  iter=61
    tentativa 5/5: 0.400060s  SSE=9290.0654  iter=61
    -> media: 0.400400s
  speedup=1.116x  eficiencia=55.8%

=== MPI+OpenMP [FORTE] | processos=4 threads=1 (tamanho=106497) ===
    tentativa 1/5: 0.244856s  SSE=9290.0654  iter=61
    tentativa 2/5: 0.257246s  SSE=9290.0654  iter=61
    tentativa 3/5: 0.249623s  SSE=9290.0654  iter=61
    tentativa 4/5: 0.249573s  SSE=9290.0654  iter=61
    tentativa 5/5: 0.246388s  SSE=9290.0654  iter=61
    -> media: 0.249537s
  speedup=1.791x  eficiencia=44.8%

=== MPI+OpenMP [FORTE] | processos=1 threads=4 (tamanho=106497) ===
    tentativa 1/5: 0.402476s  SSE=9290.0654  iter=61
    tentativa 2/5: 0.402314s  SSE=9290.0654  iter=61
    tentativa 3/5: 0.402885s  SSE=9290.0654  iter=61
    tentativa 4/5: 0.403482s  SSE=9290.0654  iter=61
    tentativa 5/5: 0.403248s  SSE=9290.0654  iter=61
    -> media: 0.402881s
  speedup=1.109x  eficiencia=27.7%

=== MPI+OpenMP [FORTE] | processos=2 threads=2 (tamanho=106497) ===
    tentativa 1/5: 0.301656s  SSE=9290.0654  iter=61
    tentativa 2/5: 0.303261s  SSE=9290.0654  iter=61
    tentativa 3/5: 0.303155s  SSE=9290.0654  iter=61
    tentativa 4/5: 0.304644s  SSE=9290.0654  iter=61
    tentativa 5/5: 0.304118s  SSE=9290.0654  iter=61
    -> media: 0.303367s
  speedup=1.473x  eficiencia=36.8%

=== MPI+OpenMP [FORTE] | processos=8 threads=1 (tamanho=106497) ===
    tentativa 1/5: 0.241756s  SSE=9290.0654  iter=61
    tentativa 2/5: 0.241414s  SSE=9290.0654  iter=61
    tentativa 3/5: 0.247223s  SSE=9290.0654  iter=61
    tentativa 4/5: 0.241724s  SSE=9290.0654  iter=61
    tentativa 5/5: 0.243040s  SSE=9290.0654  iter=61
    -> media: 0.243031s
  speedup=1.839x  eficiencia=23.0%

=== MPI+OpenMP [FORTE] | processos=1 threads=8 (tamanho=106497) ===
    tentativa 1/5: 0.409208s  SSE=9290.0654  iter=61
    tentativa 2/5: 0.409919s  SSE=9290.0654  iter=61
    tentativa 3/5: 0.411041s  SSE=9290.0654  iter=61
    tentativa 4/5: 0.412194s  SSE=9290.0654  iter=61
    tentativa 5/5: 0.410745s  SSE=9290.0654  iter=61
    -> media: 0.410621s
  speedup=1.088x  eficiencia=13.6%

=== MPI+OpenMP [FORTE] | processos=4 threads=2 (tamanho=106497) ===
    tentativa 1/5: 0.266750s  SSE=9290.0654  iter=61
    tentativa 2/5: 0.259431s  SSE=9290.0654  iter=61
    tentativa 3/5: 0.258566s  SSE=9290.0654  iter=61
    tentativa 4/5: 0.266090s  SSE=9290.0654  iter=61
    tentativa 5/5: 0.263811s  SSE=9290.0654  iter=61
    -> media: 0.262930s
  speedup=1.700x  eficiencia=21.2%

=== MPI+OpenMP [FORTE] | processos=16 threads=1 (tamanho=106497) ===
    tentativa 1/5: 0.244893s  SSE=9290.0654  iter=61
    tentativa 2/5: 0.232243s  SSE=9290.0654  iter=61
    tentativa 3/5: 0.243588s  SSE=9290.0654  iter=61
    tentativa 4/5: 0.286041s  SSE=9290.0654  iter=61
    tentativa 5/5: 0.230121s  SSE=9290.0654  iter=61
    -> media: 0.247377s
  speedup=1.807x  eficiencia=11.3%

=== MPI+OpenMP [FORTE] | processos=1 threads=16 (tamanho=106497) ===
    tentativa 1/5: 0.427104s  SSE=9290.0654  iter=61
    tentativa 2/5: 0.428698s  SSE=9290.0654  iter=61
    tentativa 3/5: 0.427423s  SSE=9290.0654  iter=61
    tentativa 4/5: 0.427138s  SSE=9290.0654  iter=61
    tentativa 5/5: 0.425936s  SSE=9290.0654  iter=61
    -> media: 0.427260s
  speedup=1.046x  eficiencia=6.5%

=== MPI+OpenMP [FORTE] | processos=8 threads=2 (tamanho=106497) ===
    tentativa 1/5: 0.246264s  SSE=9290.0654  iter=61
    tentativa 2/5: 0.243813s  SSE=9290.0654  iter=61
    tentativa 3/5: 0.276471s  SSE=9290.0654  iter=61
    tentativa 4/5: 0.262951s  SSE=9290.0654  iter=61
    tentativa 5/5: 0.295742s  SSE=9290.0654  iter=61
    -> media: 0.265048s
  speedup=1.686x  eficiencia=10.5%

=== MPI+OpenMP [FORTE] | processos=32 threads=1 (tamanho=106497) ===
    tentativa 1/5: 0.397542s  SSE=9290.0654  iter=61
    tentativa 2/5: 0.412484s  SSE=9290.0654  iter=61
    tentativa 3/5: 0.413001s  SSE=9290.0654  iter=61
    tentativa 4/5: 0.413171s  SSE=9290.0654  iter=61
    tentativa 5/5: 0.416625s  SSE=9290.0654  iter=61
    -> media: 0.410565s
  speedup=1.089x  eficiencia=3.4%

=== MPI+OpenMP [FORTE] | processos=1 threads=32 (tamanho=106497) ===
    tentativa 1/5: 0.464446s  SSE=9290.0654  iter=61
    tentativa 2/5: 0.466626s  SSE=9290.0654  iter=61
    tentativa 3/5: 0.466944s  SSE=9290.0654  iter=61
    tentativa 4/5: 0.464745s  SSE=9290.0654  iter=61
    tentativa 5/5: 0.468183s  SSE=9290.0654  iter=61
    -> media: 0.466189s
  speedup=0.959x  eficiencia=3.0%

=== MPI+OpenMP [FORTE] | processos=16 threads=2 (tamanho=106497) ===
    tentativa 1/5: 0.230711s  SSE=9290.0654  iter=61
    tentativa 2/5: 0.240001s  SSE=9290.0654  iter=61
    tentativa 3/5: 0.317254s  SSE=9290.0654  iter=61
    tentativa 4/5: 0.229934s  SSE=9290.0654  iter=61
    tentativa 5/5: 0.230955s  SSE=9290.0654  iter=61
    -> media: 0.249771s
  speedup=1.789x  eficiencia=5.6%

=== MPI+OpenMP [FORTE] | processos=32 threads=2 (tamanho=106497) ===
    tentativa 1/5: 2.830409s  SSE=9290.0654  iter=61
    tentativa 2/5: 2.883433s  SSE=9290.0654  iter=61
    tentativa 3/5: 2.831836s  SSE=9290.0654  iter=61
    tentativa 4/5: 2.838587s  SSE=9290.0654  iter=61
    tentativa 5/5: 3.030555s  SSE=9290.0654  iter=61
    -> media: 2.882964s
  speedup=0.155x  eficiencia=0.2%


########## ESCALABILIDADE FRACA (tamanho varia com os recursos) ##########
Compilando CUDA...
  -> OK
[AVISO] Pasta 'OpenMP_With_GPU/' existe mas 'nvc' (NVIDIA HPC SDK) nao foi encontrado -- pulando OpenMP-GPU. Confirme 'module load' no job SLURM.

----- Tamanho desta rodada: 6656 linhas (nivel de recurso=1) -----

=== Sequencial [FRACA] | tamanho=6656 ===
    tentativa 1/5: 0.020962s  SSE=724.2656  iter=32
    tentativa 2/5: 0.020721s  SSE=724.2656  iter=32
    tentativa 3/5: 0.020764s  SSE=724.2656  iter=32
    tentativa 4/5: 0.020780s  SSE=724.2656  iter=32
    tentativa 5/5: 0.020752s  SSE=724.2656  iter=32
    -> media: 0.020796s

=== MPI+OpenMP [FRACA] | processos=1 threads=1 | tamanho=6656 ===
    tentativa 1/5: 0.020055s  SSE=724.2656  iter=32
    tentativa 2/5: 0.019728s  SSE=724.2656  iter=32
    tentativa 3/5: 0.019705s  SSE=724.2656  iter=32
    tentativa 4/5: 0.019530s  SSE=724.2656  iter=32
    tentativa 5/5: 0.019614s  SSE=724.2656  iter=32
    -> media: 0.019726s
  speedup=1.054x  eficiencia=105.4% (ideal p/ weak scaling: eficiencia ~100%)

=== CUDA | tamanho=6656 ===
    tentativa 1/5: 0.021903s  SSE=724.2656  iter=32
    tentativa 2/5: 0.024188s  SSE=724.2656  iter=32
    tentativa 3/5: 0.026067s  SSE=724.2656  iter=32
    tentativa 4/5: 0.024880s  SSE=724.2656  iter=32
    tentativa 5/5: 0.026123s  SSE=724.2656  iter=32
    -> media: 0.024632s

----- Tamanho desta rodada: 13312 linhas (nivel de recurso=2) -----

=== Sequencial [FRACA] | tamanho=13312 ===
    tentativa 1/5: 0.042510s  SSE=1167.3735  iter=31
    tentativa 2/5: 0.040449s  SSE=1167.3735  iter=31
    tentativa 3/5: 0.040456s  SSE=1167.3735  iter=31
    tentativa 4/5: 0.040463s  SSE=1167.3735  iter=31
    tentativa 5/5: 0.040444s  SSE=1167.3735  iter=31
    -> media: 0.040864s

=== MPI+OpenMP [FRACA] | processos=2 threads=1 | tamanho=13312 ===
    tentativa 1/5: 0.032703s  SSE=1167.3735  iter=31
    tentativa 2/5: 0.031735s  SSE=1167.3735  iter=31
    tentativa 3/5: 0.031989s  SSE=1167.3735  iter=31
    tentativa 4/5: 0.031623s  SSE=1167.3735  iter=31
    tentativa 5/5: 0.031657s  SSE=1167.3735  iter=31
    -> media: 0.031941s
  speedup=1.279x  eficiencia=64.0% (ideal p/ weak scaling: eficiencia ~100%)

=== CUDA | tamanho=13312 ===
    tentativa 1/5: 0.272441s  SSE=1167.3742  iter=27
    tentativa 2/5: 0.268488s  SSE=1167.3742  iter=27
    tentativa 3/5: 0.275184s  SSE=1167.3742  iter=27
    tentativa 4/5: 0.204088s  SSE=1167.3742  iter=27
    tentativa 5/5: 0.342684s  SSE=1167.3742  iter=27
    -> media: 0.272577s

----- Tamanho desta rodada: 26624 linhas (nivel de recurso=4) -----

=== Sequencial [FRACA] | tamanho=26624 ===
    tentativa 1/5: 0.139203s  SSE=2322.4662  iter=81
    tentativa 2/5: 0.135557s  SSE=2322.4662  iter=81
    tentativa 3/5: 0.135561s  SSE=2322.4662  iter=81
    tentativa 4/5: 0.136786s  SSE=2322.4662  iter=81
    tentativa 5/5: 0.135981s  SSE=2322.4662  iter=81
    -> media: 0.136618s

=== MPI+OpenMP [FRACA] | processos=4 threads=1 | tamanho=26624 ===
    tentativa 1/5: 0.070475s  SSE=2322.4662  iter=81
    tentativa 2/5: 0.069368s  SSE=2322.4662  iter=81
    tentativa 3/5: 0.068892s  SSE=2322.4662  iter=81
    tentativa 4/5: 0.069629s  SSE=2322.4662  iter=81
    tentativa 5/5: 0.070751s  SSE=2322.4662  iter=81
    -> media: 0.069823s
  speedup=1.957x  eficiencia=48.9% (ideal p/ weak scaling: eficiencia ~100%)

=== CUDA | tamanho=26624 ===
    tentativa 1/5: 0.734924s  SSE=2322.4681  iter=74
    tentativa 2/5: 0.726864s  SSE=2322.4681  iter=74
    tentativa 3/5: 0.729657s  SSE=2322.4681  iter=74
    tentativa 4/5: 0.724271s  SSE=2322.4681  iter=74
    tentativa 5/5: 0.729612s  SSE=2322.4681  iter=74
    -> media: 0.729066s

----- Tamanho desta rodada: 53248 linhas (nivel de recurso=8) -----

=== Sequencial [FRACA] | tamanho=53248 ===
    tentativa 1/5: 0.138570s  SSE=4736.3675  iter=20
    tentativa 2/5: 0.131307s  SSE=4736.3675  iter=20
    tentativa 3/5: 0.131568s  SSE=4736.3675  iter=20
    tentativa 4/5: 0.130391s  SSE=4736.3675  iter=20
    tentativa 5/5: 0.131651s  SSE=4736.3675  iter=20
    -> media: 0.132697s

=== MPI+OpenMP [FRACA] | processos=8 threads=1 | tamanho=53248 ===
    tentativa 1/5: 0.110004s  SSE=4736.3675  iter=20
    tentativa 2/5: 0.115213s  SSE=4736.3675  iter=20
    tentativa 3/5: 0.145428s  SSE=4736.3675  iter=20
    tentativa 4/5: 0.117133s  SSE=4736.3675  iter=20
    tentativa 5/5: 0.113106s  SSE=4736.3675  iter=20
    -> media: 0.120177s
  speedup=1.104x  eficiencia=13.8% (ideal p/ weak scaling: eficiencia ~100%)

=== CUDA | tamanho=53248 ===
    tentativa 1/5: 0.107191s  SSE=4736.3685  iter=14
    tentativa 2/5: 0.107535s  SSE=4736.3685  iter=14
    tentativa 3/5: 0.106940s  SSE=4736.3685  iter=14
    tentativa 4/5: 0.106982s  SSE=4736.3685  iter=14
    tentativa 5/5: 0.107179s  SSE=4736.3685  iter=14
    -> media: 0.107165s

----- Tamanho desta rodada: 106497 linhas (nivel de recurso=16) -----

=== Sequencial [FRACA] | tamanho=106497 ===
    tentativa 1/5: 0.455824s  SSE=9290.0654  iter=61
    tentativa 2/5: 0.448809s  SSE=9290.0654  iter=61
    tentativa 3/5: 0.436881s  SSE=9290.0654  iter=61
    tentativa 4/5: 0.423976s  SSE=9290.0654  iter=61
    tentativa 5/5: 0.445595s  SSE=9290.0654  iter=61
    -> media: 0.442217s

=== MPI+OpenMP [FRACA] | processos=16 threads=1 | tamanho=106497 ===
    tentativa 1/5: 0.292397s  SSE=9290.0654  iter=61
    tentativa 2/5: 0.300425s  SSE=9290.0654  iter=61
    tentativa 3/5: 0.313882s  SSE=9290.0654  iter=61
    tentativa 4/5: 0.379332s  SSE=9290.0654  iter=61
    tentativa 5/5: 0.283042s  SSE=9290.0654  iter=61
    -> media: 0.313816s
  speedup=1.409x  eficiencia=8.8% (ideal p/ weak scaling: eficiencia ~100%)

=== CUDA | tamanho=106497 ===
    tentativa 1/5: 0.390091s  SSE=9290.0775  iter=32
    tentativa 2/5: 0.390403s  SSE=9290.0775  iter=32
    tentativa 3/5: 0.389254s  SSE=9290.0775  iter=32
    tentativa 4/5: 0.388429s  SSE=9290.0775  iter=32
    tentativa 5/5: 0.239267s  SSE=9290.0775  iter=32
    -> media: 0.359489s

(vinhos.csv restaurado para o conteudo oficial original)

✅ Resultados salvos em: /home/cvnsantos/teste_novo/resultados.csv
   (32 linhas no total)

========== PARTE 2: OpenMP GPU com nvc ==========

Modulos da parte 2:

Currently Loaded Modules:
  1) zlib-ng/2.2.1-gcc-8.5.0-nx3ks4o
  2) zstd/1.5.6-gcc-8.5.0-5rab3qi
  3) binutils/2.43.1-gcc-12.3.0-yjinuj6
  4) libiconv/1.17-gcc-8.5.0-aljgrlp
  5) xz/5.4.6-gcc-8.5.0-lljp7gg
  6) libxml2/2.13.4-gcc-8.5.0-judzn6c
  7) bzip2/1.0.8-gcc-8.5.0-lvokl5n
  8) ncurses/6.5-gcc-8.5.0-wksarjv
  9) pigz/2.8-gcc-8.5.0-32th6mj
 10) tar/1.34-gcc-8.5.0-x3eo6ne
 11) gettext/0.22.5-gcc-8.5.0-4ok7q66
 12) pkgconf/2.2.0-gcc-8.5.0-6pwk6kx
 13) elfutils/0.191-gcc-12.3.0-phhsnom
 14) libpciaccess/0.17-gcc-8.5.0-rmvwow4
 15) hwloc/2.11.1-gcc-8.5.0-lfxwh4q
 16) libdwarf/0.11.0-gcc-12.3.0-ltf2555
 17) libunwind/1.8.1-gcc-12.3.0-fy6kyfb
 18) openjdk/17.0.11_9-gcc-12.3.0-onok5ha
 19) openssl/3.4.0-gcc-8.5.0-v5gkkke
 20) libevent/2.1.12-gcc-8.5.0-d4qlhu4
 21) numactl/2.0.18-gcc-8.5.0-uqgd3rr
 22) krb5/1.21.3-gcc-8.5.0-m2fr6gr
 23) libedit/3.1-20240808-gcc-8.5.0-z4vl4qd
 24) libxcrypt/4.4.35-gcc-8.5.0-3o7er2x
 25) openssh/9.9p1-gcc-8.5.0-f4kn7z7
 26) pmix/5.0.3-gcc-8.5.0-lwlah4q
 27) openmpi/4.1.6-gcc-12.3.0-6rgnzbn
 28) libmd/1.0.4-gcc-8.5.0-6hubecx
 29) libbsd/0.12.2-gcc-8.5.0-gozzinq
 30) expat/2.6.4-gcc-8.5.0-licbhdn
 31) readline/8.2-gcc-8.5.0-tchyvju
 32) gdbm/1.23-gcc-8.5.0-swdhtug
 33) libffi/3.4.6-gcc-8.5.0-ohhcpk2
 34) sqlite/3.46.0-gcc-8.5.0-sxxfpax
 35) util-linux-uuid/2.40.2-gcc-8.5.0-ptgg4uv
 36) python/3.11.9-gcc-12.3.0-egxne7o
 37) gcc-runtime/12.3.0-gcc-12.3.0-4qxguxv
 38) python-venv/1.0-gcc-12.3.0-7dzgezw
 39) otf2/3.0.3-gcc-12.3.0-4k2hagi
 40) papi/7.1.0-gcc-12.3.0-x2goddi
 41) pdt/3.25.2-gcc-12.3.0-stwcgu7
 42) tau/2.35.1-gcc-12.3.0-ss4u6t2
 43) softwares/tau/2.35.1
 44) glibc/2.28-gcc-8.5.0-vqttnls
 45) cuda/12.6.2-gcc-8.5.0-ehvl44c
 46) compilers/nvidia/nvhpc/24.11

 


Verificando nvc:
/opt/npad/shared/compilers/nvidia_hpc_sdk/24.11/Linux_x86_64/24.11/compilers/bin/nvc

nvc 24.11-0 64-bit target on x86-64 Linux -tp broadwell 
NVIDIA Compilers and Tools
Copyright (c) 2024, NVIDIA CORPORATION & AFFILIATES.  All rights reserved.

Entrando em OpenMP_With_GPU...

Compilando OpenMP-GPU...

Rodando OpenMP-GPU no dataset oficial...
Dataset normalizado com sucesso.

Convergiu na iteracao 61

Tempo de execucao: 0.832607 segundos

Centroides finais:

Centroide 0:
0.277 0.165 0.194 0.079 0.078 0.106 0.347 0.148 0.363 0.173 0.253 

Centroide 1:
0.291 0.185 0.190 0.070 0.080 0.099 0.128 0.148 0.418 0.180 0.271 

Centroide 2:
0.280 0.172 0.192 0.073 0.077 0.102 0.258 0.143 0.385 0.174 0.566 


Primeiros vinhos agrupados:

Vinho 0 -> Cluster 0
Vinho 1 -> Cluster 0
Vinho 2 -> Cluster 1
Vinho 3 -> Cluster 0
Vinho 4 -> Cluster 0
Vinho 5 -> Cluster 1
Vinho 6 -> Cluster 0
Vinho 7 -> Cluster 0
Vinho 8 -> Cluster 0
Vinho 9 -> Cluster 2

Distribuicao dos clusters:
Cluster 0: 40446 vinhos
Cluster 1: 31262 vinhos
Cluster 2: 34789 vinhos

Qualidade do agrupamento (SSE): 9290.065373
SSE medio: 0.087233

Extraindo tempo OpenMP-GPU...
Tempo OpenMP-GPU extraido: 0.832607

Adicionando OpenMP-GPU ao resultados.csv...
Linha adicionada:
OpenMP-GPU,fraca,,,106497,0.832607,0.5368,0.5368

========== RESULTADOS FINAIS ==========
versao,escalabilidade,processos_mpi,threads_openmp,linhas_dataset,tempo_segundos,speedup,eficiencia,sse_medio,iteracoes_medias
Sequencial,forte,1,1,106497,0.446937,1.0,1.0,9290.065373,61.0
MPI+OpenMP,forte,1,1,106497,0.411653,1.0857,1.0857,9290.065373,61.0
MPI+OpenMP,forte,2,1,106497,0.305893,1.4611,0.7305,9290.065373,61.0
MPI+OpenMP,forte,1,2,106497,0.4004,1.1162,0.5581,9290.065373,61.0
MPI+OpenMP,forte,4,1,106497,0.249537,1.7911,0.4478,9290.065373,61.0
MPI+OpenMP,forte,1,4,106497,0.402881,1.1094,0.2773,9290.065373,61.0
MPI+OpenMP,forte,2,2,106497,0.303367,1.4733,0.3683,9290.065373,61.0
MPI+OpenMP,forte,8,1,106497,0.243031,1.839,0.2299,9290.065373,61.0
MPI+OpenMP,forte,1,8,106497,0.410621,1.0884,0.1361,9290.065373,61.0
MPI+OpenMP,forte,4,2,106497,0.26293,1.6998,0.2125,9290.065373,61.0
MPI+OpenMP,forte,16,1,106497,0.247377,1.8067,0.1129,9290.065373,61.0
MPI+OpenMP,forte,1,16,106497,0.42726,1.0461,0.0654,9290.065373,61.0
MPI+OpenMP,forte,8,2,106497,0.265048,1.6862,0.1054,9290.065373,61.0
MPI+OpenMP,forte,32,1,106497,0.410565,1.0886,0.034,9290.065373,61.0
MPI+OpenMP,forte,1,32,106497,0.466189,0.9587,0.03,9290.065373,61.0
MPI+OpenMP,forte,16,2,106497,0.249771,1.7894,0.0559,9290.065373,61.0
MPI+OpenMP,forte,32,2,106497,2.882964,0.155,0.0024,9290.065373,61.0
Sequencial,fraca,1,1,6656,0.020796,1.0,1.0,724.265584,32.0
MPI+OpenMP,fraca,1,1,6656,0.019726,1.0542,1.0542,724.265584,32.0
CUDA,fraca,,,6656,0.024632,0.8443,0.8443,724.265584,32.0
Sequencial,fraca,1,1,13312,0.040864,1.0,1.0,1167.373491,31.0
MPI+OpenMP,fraca,2,1,13312,0.031941,1.2794,0.6397,1167.373491,31.0
CUDA,fraca,,,13312,0.272577,0.1499,0.1499,1167.374163,27.0
Sequencial,fraca,1,1,26624,0.136618,1.0,1.0,2322.466161,81.0
MPI+OpenMP,fraca,4,1,26624,0.069823,1.9566,0.4892,2322.466161,81.0
CUDA,fraca,,,26624,0.729066,0.1874,0.1874,2322.468098,74.0
Sequencial,fraca,1,1,53248,0.132697,1.0,1.0,4736.367462,20.0
MPI+OpenMP,fraca,8,1,53248,0.120177,1.1042,0.138,4736.367462,20.0
CUDA,fraca,,,53248,0.107165,1.2382,1.2382,4736.368532,14.0
Sequencial,fraca,1,1,106497,0.442217,1.0,1.0,9290.065373,61.0
MPI+OpenMP,fraca,16,1,106497,0.313816,1.4092,0.0881,9290.065373,61.0
CUDA,fraca,,,106497,0.359489,1.2301,1.2301,9290.07749,32.0
OpenMP-GPU,fraca,,,106497,0.832607,0.5368,0.5368

Fim: seg jun 29 03:04:15 -03 2026
==========================================
