==========================================
Rodando no host: gpunode1.npad.internal
Job ID: 1898282
Diretorio: /home/cvnsantos/2
Inicio: seg jun 29 19:23:43 -03 2026
==========================================

========== PARTE 1: Sequencial + MPI/OpenMP + CUDA ==========

Modulos da parte 1:

Currently Loaded Modules:
  1) zlib-ng/2.2.1-gcc-8.5.0-nx3ks4o
  2) zstd/1.5.6-gcc-8.5.0-5rab3qi
  3) binutils/2.43.1-gcc-12.3.0-yjinuj6
  4) libiconv/1.17-gcc-8.5.0-aljgrlp
  5) xz/5.4.6-gcc-8.5.0-lljp7gg
  6) libxml2/2.13.4-gcc-8.5.0-judzn6c
  7) bzip2/1.0.8-gcc-8.5.0-lvokl5n
  8) ncurses/6.5-gcc-8.5.0-wksarjv
  9) pigz/2.8-gcc-8.5.0-32th6mj
 10) tar/1.34-gcc-8.5.0-x3eo6ne
 11) gettext/0.22.5-gcc-8.5.0-4ok7q66
 12) pkgconf/2.2.0-gcc-8.5.0-6pwk6kx
 13) elfutils/0.191-gcc-12.3.0-phhsnom
 14) libpciaccess/0.17-gcc-8.5.0-rmvwow4
 15) hwloc/2.11.1-gcc-8.5.0-lfxwh4q
 16) libdwarf/0.11.0-gcc-12.3.0-ltf2555
 17) libunwind/1.8.1-gcc-12.3.0-fy6kyfb
 18) openjdk/17.0.11_9-gcc-12.3.0-onok5ha
 19) openssl/3.4.0-gcc-8.5.0-v5gkkke
 20) libevent/2.1.12-gcc-8.5.0-d4qlhu4
 21) numactl/2.0.18-gcc-8.5.0-uqgd3rr
 22) krb5/1.21.3-gcc-8.5.0-m2fr6gr
 23) libedit/3.1-20240808-gcc-8.5.0-z4vl4qd
 24) libxcrypt/4.4.35-gcc-8.5.0-3o7er2x
 25) openssh/9.9p1-gcc-8.5.0-f4kn7z7
 26) pmix/5.0.3-gcc-8.5.0-lwlah4q
 27) openmpi/4.1.6-gcc-12.3.0-6rgnzbn
 28) libmd/1.0.4-gcc-8.5.0-6hubecx
 29) libbsd/0.12.2-gcc-8.5.0-gozzinq
 30) expat/2.6.4-gcc-8.5.0-licbhdn
 31) readline/8.2-gcc-8.5.0-tchyvju
 32) gdbm/1.23-gcc-8.5.0-swdhtug
 33) libffi/3.4.6-gcc-8.5.0-ohhcpk2
 34) sqlite/3.46.0-gcc-8.5.0-sxxfpax
 35) util-linux-uuid/2.40.2-gcc-8.5.0-ptgg4uv
 36) python/3.11.9-gcc-12.3.0-egxne7o
 37) gcc-runtime/12.3.0-gcc-12.3.0-4qxguxv
 38) python-venv/1.0-gcc-12.3.0-7dzgezw
 39) otf2/3.0.3-gcc-12.3.0-4k2hagi
 40) papi/7.1.0-gcc-12.3.0-x2goddi
 41) pdt/3.25.2-gcc-12.3.0-stwcgu7
 42) tau/2.35.1-gcc-12.3.0-ss4u6t2
 43) softwares/tau/2.35.1
 44) glibc/2.28-gcc-8.5.0-vqttnls
 45) cuda/12.6.2-gcc-8.5.0-ehvl44c

 


GPU:
name, memory.total [MiB], compute_cap
Tesla V100-SXM2-16GB, 16384 MiB, 7.0

Rodando benchmark.py (Sequencial + MPI/OpenMP + CUDA)...
Dataset oficial: 106497 linhas (sera preservado; o script restaura no final)

Niveis de recurso para escalabilidade fraca -> tamanho de dataset:
  1 recurso(s) -> 6656 linhas
  2 recurso(s) -> 13312 linhas
  4 recurso(s) -> 26624 linhas
  8 recurso(s) -> 53248 linhas
  16 recurso(s) -> 106497 linhas

Compilando SEQUENCIAL...
  -> OK

=== SEQUENCIAL | tamanho oficial (106497 linhas) ===
    tentativa 1/5: 0.427779s  SSE=9290.0654  iter=61
    tentativa 2/5: 0.445745s  SSE=9290.0654  iter=61
    tentativa 3/5: 0.437300s  SSE=9290.0654  iter=61
    tentativa 4/5: 0.446873s  SSE=9290.0654  iter=61
    tentativa 5/5: 0.422575s  SSE=9290.0654  iter=61
    -> media: 0.436054s
Compilando MPI + OpenMP...
  -> OK

--- Escalabilidade FORTE (tamanho fixo = 106497 linhas) ---

=== MPI+OpenMP [FORTE] | processos=1 threads=1 (tamanho=106497) ===
    tentativa 1/5: 0.409012s  SSE=9290.0654  iter=61
    tentativa 2/5: 0.414745s  SSE=9290.0654  iter=61
    tentativa 3/5: 0.407480s  SSE=9290.0654  iter=61
    tentativa 4/5: 0.410797s  SSE=9290.0654  iter=61
    tentativa 5/5: 0.407594s  SSE=9290.0654  iter=61
    -> media: 0.409926s
  speedup=1.064x  eficiencia=106.4%

=== MPI+OpenMP [FORTE] | processos=2 threads=1 (tamanho=106497) ===
    tentativa 1/5: 0.298466s  SSE=9290.0654  iter=61
    tentativa 2/5: 0.303525s  SSE=9290.0654  iter=61
    tentativa 3/5: 0.299012s  SSE=9290.0654  iter=61
    tentativa 4/5: 0.300042s  SSE=9290.0654  iter=61
    tentativa 5/5: 0.298599s  SSE=9290.0654  iter=61
    -> media: 0.299929s
  speedup=1.454x  eficiencia=72.7%

=== MPI+OpenMP [FORTE] | processos=1 threads=2 (tamanho=106497) ===
    tentativa 1/5: 0.401095s  SSE=9290.0654  iter=61
    tentativa 2/5: 0.400597s  SSE=9290.0654  iter=61
    tentativa 3/5: 0.401367s  SSE=9290.0654  iter=61
    tentativa 4/5: 0.400105s  SSE=9290.0654  iter=61
    tentativa 5/5: 0.401024s  SSE=9290.0654  iter=61
    -> media: 0.400838s
  speedup=1.088x  eficiencia=54.4%

=== MPI+OpenMP [FORTE] | processos=4 threads=1 (tamanho=106497) ===
    tentativa 1/5: 0.272216s  SSE=9290.0654  iter=61
    tentativa 2/5: 0.274077s  SSE=9290.0654  iter=61
    tentativa 3/5: 0.274569s  SSE=9290.0654  iter=61
    tentativa 4/5: 0.274618s  SSE=9290.0654  iter=61
    tentativa 5/5: 0.275766s  SSE=9290.0654  iter=61
    -> media: 0.274249s
  speedup=1.590x  eficiencia=39.7%

=== MPI+OpenMP [FORTE] | processos=1 threads=4 (tamanho=106497) ===
    tentativa 1/5: 0.403602s  SSE=9290.0654  iter=61
    tentativa 2/5: 0.404665s  SSE=9290.0654  iter=61
    tentativa 3/5: 0.406536s  SSE=9290.0654  iter=61
    tentativa 4/5: 0.407675s  SSE=9290.0654  iter=61
    tentativa 5/5: 0.406800s  SSE=9290.0654  iter=61
    -> media: 0.405856s
  speedup=1.074x  eficiencia=26.9%

=== MPI+OpenMP [FORTE] | processos=2 threads=2 (tamanho=106497) ===
    tentativa 1/5: 0.294411s  SSE=9290.0654  iter=61
    tentativa 2/5: 0.295103s  SSE=9290.0654  iter=61
    tentativa 3/5: 0.293821s  SSE=9290.0654  iter=61
    tentativa 4/5: 0.294751s  SSE=9290.0654  iter=61
    tentativa 5/5: 0.295182s  SSE=9290.0654  iter=61
    -> media: 0.294654s
  speedup=1.480x  eficiencia=37.0%

=== MPI+OpenMP [FORTE] | processos=8 threads=1 (tamanho=106497) ===
    tentativa 1/5: 0.351825s  SSE=9290.0654  iter=61
    tentativa 2/5: 0.275077s  SSE=9290.0654  iter=61
    tentativa 3/5: 0.273797s  SSE=9290.0654  iter=61
    tentativa 4/5: 0.249840s  SSE=9290.0654  iter=61
    tentativa 5/5: 0.275726s  SSE=9290.0654  iter=61
    -> media: 0.285253s
  speedup=1.529x  eficiencia=19.1%

=== MPI+OpenMP [FORTE] | processos=1 threads=8 (tamanho=106497) ===
    tentativa 1/5: 0.412200s  SSE=9290.0654  iter=61
    tentativa 2/5: 0.412600s  SSE=9290.0654  iter=61
    tentativa 3/5: 0.412366s  SSE=9290.0654  iter=61
    tentativa 4/5: 0.411116s  SSE=9290.0654  iter=61
    tentativa 5/5: 0.423652s  SSE=9290.0654  iter=61
    -> media: 0.414387s
  speedup=1.052x  eficiencia=13.2%

=== MPI+OpenMP [FORTE] | processos=4 threads=2 (tamanho=106497) ===
    tentativa 1/5: 0.301401s  SSE=9290.0654  iter=61
    tentativa 2/5: 0.485839s  SSE=9290.0654  iter=61
    tentativa 3/5: 0.281620s  SSE=9290.0654  iter=61
    tentativa 4/5: 0.284369s  SSE=9290.0654  iter=61
    tentativa 5/5: 0.281775s  SSE=9290.0654  iter=61
    -> media: 0.327001s
  speedup=1.333x  eficiencia=16.7%

=== MPI+OpenMP [FORTE] | processos=16 threads=1 (tamanho=106497) ===
    tentativa 1/5: 0.259175s  SSE=9290.0654  iter=61
    tentativa 2/5: 0.243596s  SSE=9290.0654  iter=61
    tentativa 3/5: 0.444181s  SSE=9290.0654  iter=61
    tentativa 4/5: 0.442888s  SSE=9290.0654  iter=61
    tentativa 5/5: 0.397741s  SSE=9290.0654  iter=61
    -> media: 0.357516s
  speedup=1.220x  eficiencia=7.6%

=== MPI+OpenMP [FORTE] | processos=1 threads=16 (tamanho=106497) ===
    tentativa 1/5: 0.427115s  SSE=9290.0654  iter=61
    tentativa 2/5: 0.427780s  SSE=9290.0654  iter=61
    tentativa 3/5: 0.431940s  SSE=9290.0654  iter=61
    tentativa 4/5: 0.428112s  SSE=9290.0654  iter=61
    tentativa 5/5: 0.427302s  SSE=9290.0654  iter=61
    -> media: 0.428450s
  speedup=1.018x  eficiencia=6.4%

=== MPI+OpenMP [FORTE] | processos=8 threads=2 (tamanho=106497) ===
    tentativa 1/5: 0.461406s  SSE=9290.0654  iter=61
    tentativa 2/5: 0.257429s  SSE=9290.0654  iter=61
    tentativa 3/5: 0.265273s  SSE=9290.0654  iter=61
    tentativa 4/5: 0.252373s  SSE=9290.0654  iter=61
    tentativa 5/5: 0.251622s  SSE=9290.0654  iter=61
    -> media: 0.297621s
  speedup=1.465x  eficiencia=9.2%

=== MPI+OpenMP [FORTE] | processos=32 threads=1 (tamanho=106497) ===
    tentativa 1/5: 0.396044s  SSE=9290.0654  iter=61
    tentativa 2/5: 0.396076s  SSE=9290.0654  iter=61
    tentativa 3/5: 0.396478s  SSE=9290.0654  iter=61
    tentativa 4/5: 0.396075s  SSE=9290.0654  iter=61
    tentativa 5/5: 0.395359s  SSE=9290.0654  iter=61
    -> media: 0.396006s
  speedup=1.101x  eficiencia=3.4%

=== MPI+OpenMP [FORTE] | processos=1 threads=32 (tamanho=106497) ===
    tentativa 1/5: 0.468882s  SSE=9290.0654  iter=61
    tentativa 2/5: 0.465521s  SSE=9290.0654  iter=61
    tentativa 3/5: 0.466235s  SSE=9290.0654  iter=61
    tentativa 4/5: 0.468393s  SSE=9290.0654  iter=61
    tentativa 5/5: 0.467112s  SSE=9290.0654  iter=61
    -> media: 0.467229s
  speedup=0.933x  eficiencia=2.9%

=== MPI+OpenMP [FORTE] | processos=16 threads=2 (tamanho=106497) ===
    tentativa 1/5: 0.262775s  SSE=9290.0654  iter=61
    tentativa 2/5: 0.230290s  SSE=9290.0654  iter=61
    tentativa 3/5: 0.292070s  SSE=9290.0654  iter=61
    tentativa 4/5: 0.229889s  SSE=9290.0654  iter=61
    tentativa 5/5: 0.238799s  SSE=9290.0654  iter=61
    -> media: 0.250765s
  speedup=1.739x  eficiencia=5.4%

=== MPI+OpenMP [FORTE] | processos=32 threads=2 (tamanho=106497) ===
    tentativa 1/5: 2.717520s  SSE=9290.0654  iter=61
    tentativa 2/5: 2.704665s  SSE=9290.0654  iter=61
    tentativa 3/5: 2.726142s  SSE=9290.0654  iter=61
    tentativa 4/5: 2.728032s  SSE=9290.0654  iter=61
    tentativa 5/5: 2.714507s  SSE=9290.0654  iter=61
    -> media: 2.718173s
  speedup=0.160x  eficiencia=0.3%


########## ESCALABILIDADE FRACA (tamanho varia com os recursos) ##########
Compilando CUDA...
  -> OK
[AVISO] Pasta 'OpenMP_With_GPU/' existe mas 'nvc' (NVIDIA HPC SDK) nao foi encontrado -- pulando OpenMP-GPU. Confirme 'module load' no job SLURM.

----- Tamanho desta rodada: 6656 linhas (nivel de recurso=1) -----

=== Sequencial [FRACA] | tamanho=6656 ===
    tentativa 1/5: 0.019985s  SSE=724.2656  iter=32
    tentativa 2/5: 0.020787s  SSE=724.2656  iter=32
    tentativa 3/5: 0.020079s  SSE=724.2656  iter=32
    tentativa 4/5: 0.020801s  SSE=724.2656  iter=32
    tentativa 5/5: 0.020756s  SSE=724.2656  iter=32
    -> media: 0.020482s

=== MPI+OpenMP [FRACA] | processos=1 threads=1 | tamanho=6656 ===
    tentativa 1/5: 0.019947s  SSE=724.2656  iter=32
    tentativa 2/5: 0.019568s  SSE=724.2656  iter=32
    tentativa 3/5: 0.019739s  SSE=724.2656  iter=32
    tentativa 4/5: 0.019567s  SSE=724.2656  iter=32
    tentativa 5/5: 0.019557s  SSE=724.2656  iter=32
    -> media: 0.019676s
  speedup=1.041x  eficiencia=104.1% (ideal p/ weak scaling: eficiencia ~100%)

=== CUDA | tamanho=6656 ===
    tentativa 1/5: 0.265134s  SSE=724.2656  iter=32
    tentativa 2/5: 0.269568s  SSE=724.2656  iter=32
    tentativa 3/5: 0.259924s  SSE=724.2656  iter=32
    tentativa 4/5: 0.268176s  SSE=724.2656  iter=32
    tentativa 5/5: 0.258970s  SSE=724.2656  iter=32
    -> media: 0.264354s

----- Tamanho desta rodada: 13312 linhas (nivel de recurso=2) -----

=== Sequencial [FRACA] | tamanho=13312 ===
    tentativa 1/5: 0.040173s  SSE=1167.3735  iter=31
    tentativa 2/5: 0.039956s  SSE=1167.3735  iter=31
    tentativa 3/5: 0.039803s  SSE=1167.3735  iter=31
    tentativa 4/5: 0.039786s  SSE=1167.3735  iter=31
    tentativa 5/5: 0.039770s  SSE=1167.3735  iter=31
    -> media: 0.039898s

=== MPI+OpenMP [FRACA] | processos=2 threads=1 | tamanho=13312 ===
    tentativa 1/5: 0.031858s  SSE=1167.3735  iter=31
    tentativa 2/5: 0.033558s  SSE=1167.3735  iter=31
    tentativa 3/5: 0.032941s  SSE=1167.3735  iter=31
    tentativa 4/5: 0.036073s  SSE=1167.3735  iter=31
    tentativa 5/5: 0.033472s  SSE=1167.3735  iter=31
    -> media: 0.033580s
  speedup=1.188x  eficiencia=59.4% (ideal p/ weak scaling: eficiencia ~100%)

=== CUDA | tamanho=13312 ===
    tentativa 1/5: 0.307137s  SSE=1167.3735  iter=31
    tentativa 2/5: 0.304145s  SSE=1167.3735  iter=31
    tentativa 3/5: 0.296179s  SSE=1167.3735  iter=31
    tentativa 4/5: 0.284445s  SSE=1167.3735  iter=31
    tentativa 5/5: 0.294666s  SSE=1167.3735  iter=31
    -> media: 0.297314s

----- Tamanho desta rodada: 26624 linhas (nivel de recurso=4) -----

=== Sequencial [FRACA] | tamanho=26624 ===
    tentativa 1/5: 0.133402s  SSE=2322.4662  iter=81
    tentativa 2/5: 0.134593s  SSE=2322.4662  iter=81
    tentativa 3/5: 0.136439s  SSE=2322.4662  iter=81
    tentativa 4/5: 0.137163s  SSE=2322.4662  iter=81
    tentativa 5/5: 0.136476s  SSE=2322.4662  iter=81
    -> media: 0.135615s

=== MPI+OpenMP [FRACA] | processos=4 threads=1 | tamanho=26624 ===
    tentativa 1/5: 0.084951s  SSE=2322.4662  iter=81
    tentativa 2/5: 0.074181s  SSE=2322.4662  iter=81
    tentativa 3/5: 0.087578s  SSE=2322.4662  iter=81
    tentativa 4/5: 0.074789s  SSE=2322.4662  iter=81
    tentativa 5/5: 0.076246s  SSE=2322.4662  iter=81
    -> media: 0.079549s
  speedup=1.705x  eficiencia=42.6% (ideal p/ weak scaling: eficiencia ~100%)

=== CUDA | tamanho=26624 ===
    tentativa 1/5: 0.524167s  SSE=2322.4662  iter=81
    tentativa 2/5: 0.521670s  SSE=2322.4662  iter=81
    tentativa 3/5: 0.507203s  SSE=2322.4662  iter=81
    tentativa 4/5: 0.505712s  SSE=2322.4662  iter=81
    tentativa 5/5: 0.529912s  SSE=2322.4662  iter=81
    -> media: 0.517733s

----- Tamanho desta rodada: 53248 linhas (nivel de recurso=8) -----

=== Sequencial [FRACA] | tamanho=53248 ===
    tentativa 1/5: 0.135566s  SSE=4736.3675  iter=20
    tentativa 2/5: 0.128980s  SSE=4736.3675  iter=20
    tentativa 3/5: 0.132908s  SSE=4736.3675  iter=20
    tentativa 4/5: 0.133835s  SSE=4736.3675  iter=20
    tentativa 5/5: 0.130999s  SSE=4736.3675  iter=20
    -> media: 0.132458s

=== MPI+OpenMP [FRACA] | processos=8 threads=1 | tamanho=53248 ===
    tentativa 1/5: 0.117286s  SSE=4736.3675  iter=20
    tentativa 2/5: 0.137771s  SSE=4736.3675  iter=20
    tentativa 3/5: 0.217213s  SSE=4736.3675  iter=20
    tentativa 4/5: 0.113730s  SSE=4736.3675  iter=20
    tentativa 5/5: 0.112068s  SSE=4736.3675  iter=20
    -> media: 0.139614s
  speedup=0.949x  eficiencia=11.9% (ideal p/ weak scaling: eficiencia ~100%)

=== CUDA | tamanho=53248 ===
    tentativa 1/5: 0.407187s  SSE=4736.3675  iter=20
    tentativa 2/5: 0.403740s  SSE=4736.3675  iter=20
    tentativa 3/5: 0.403114s  SSE=4736.3675  iter=20
    tentativa 4/5: 0.401851s  SSE=4736.3675  iter=20
    tentativa 5/5: 0.403767s  SSE=4736.3675  iter=20
    -> media: 0.403932s

----- Tamanho desta rodada: 106497 linhas (nivel de recurso=16) -----

=== Sequencial [FRACA] | tamanho=106497 ===
    tentativa 1/5: 0.434989s  SSE=9290.0654  iter=61
    tentativa 2/5: 0.423010s  SSE=9290.0654  iter=61
    tentativa 3/5: 0.429684s  SSE=9290.0654  iter=61
    tentativa 4/5: 0.422673s  SSE=9290.0654  iter=61
    tentativa 5/5: 0.449703s  SSE=9290.0654  iter=61
    -> media: 0.432012s

=== MPI+OpenMP [FRACA] | processos=16 threads=1 | tamanho=106497 ===
    tentativa 1/5: 0.243784s  SSE=9290.0654  iter=61
    tentativa 2/5: 0.262764s  SSE=9290.0654  iter=61
    tentativa 3/5: 0.243877s  SSE=9290.0654  iter=61
    tentativa 4/5: 0.443681s  SSE=9290.0654  iter=61
    tentativa 5/5: 0.244852s  SSE=9290.0654  iter=61
    -> media: 0.287792s
  speedup=1.501x  eficiencia=9.4% (ideal p/ weak scaling: eficiencia ~100%)

=== CUDA | tamanho=106497 ===
    tentativa 1/5: 0.892875s  SSE=9290.0654  iter=61
    tentativa 2/5: 0.856188s  SSE=9290.0654  iter=61
    tentativa 3/5: 0.867402s  SSE=9290.0654  iter=61
    tentativa 4/5: 0.860385s  SSE=9290.0654  iter=61
    tentativa 5/5: 0.866073s  SSE=9290.0654  iter=61
    -> media: 0.868585s

(vinhos.csv restaurado para o conteudo oficial original)

✅ Resultados salvos em: /home/cvnsantos/2/resultados.csv
   (32 linhas no total)

========== PARTE 2: OpenMP-GPU com nvc ==========

Modulos da parte 2:

Currently Loaded Modules:
  1) zlib-ng/2.2.1-gcc-8.5.0-nx3ks4o
  2) zstd/1.5.6-gcc-8.5.0-5rab3qi
  3) binutils/2.43.1-gcc-12.3.0-yjinuj6
  4) libiconv/1.17-gcc-8.5.0-aljgrlp
  5) xz/5.4.6-gcc-8.5.0-lljp7gg
  6) libxml2/2.13.4-gcc-8.5.0-judzn6c
  7) bzip2/1.0.8-gcc-8.5.0-lvokl5n
  8) ncurses/6.5-gcc-8.5.0-wksarjv
  9) pigz/2.8-gcc-8.5.0-32th6mj
 10) tar/1.34-gcc-8.5.0-x3eo6ne
 11) gettext/0.22.5-gcc-8.5.0-4ok7q66
 12) pkgconf/2.2.0-gcc-8.5.0-6pwk6kx
 13) elfutils/0.191-gcc-12.3.0-phhsnom
 14) libpciaccess/0.17-gcc-8.5.0-rmvwow4
 15) hwloc/2.11.1-gcc-8.5.0-lfxwh4q
 16) libdwarf/0.11.0-gcc-12.3.0-ltf2555
 17) libunwind/1.8.1-gcc-12.3.0-fy6kyfb
 18) openjdk/17.0.11_9-gcc-12.3.0-onok5ha
 19) openssl/3.4.0-gcc-8.5.0-v5gkkke
 20) libevent/2.1.12-gcc-8.5.0-d4qlhu4
 21) numactl/2.0.18-gcc-8.5.0-uqgd3rr
 22) krb5/1.21.3-gcc-8.5.0-m2fr6gr
 23) libedit/3.1-20240808-gcc-8.5.0-z4vl4qd
 24) libxcrypt/4.4.35-gcc-8.5.0-3o7er2x
 25) openssh/9.9p1-gcc-8.5.0-f4kn7z7
 26) pmix/5.0.3-gcc-8.5.0-lwlah4q
 27) openmpi/4.1.6-gcc-12.3.0-6rgnzbn
 28) libmd/1.0.4-gcc-8.5.0-6hubecx
 29) libbsd/0.12.2-gcc-8.5.0-gozzinq
 30) expat/2.6.4-gcc-8.5.0-licbhdn
 31) readline/8.2-gcc-8.5.0-tchyvju
 32) gdbm/1.23-gcc-8.5.0-swdhtug
 33) libffi/3.4.6-gcc-8.5.0-ohhcpk2
 34) sqlite/3.46.0-gcc-8.5.0-sxxfpax
 35) util-linux-uuid/2.40.2-gcc-8.5.0-ptgg4uv
 36) python/3.11.9-gcc-12.3.0-egxne7o
 37) gcc-runtime/12.3.0-gcc-12.3.0-4qxguxv
 38) python-venv/1.0-gcc-12.3.0-7dzgezw
 39) otf2/3.0.3-gcc-12.3.0-4k2hagi
 40) papi/7.1.0-gcc-12.3.0-x2goddi
 41) pdt/3.25.2-gcc-12.3.0-stwcgu7
 42) tau/2.35.1-gcc-12.3.0-ss4u6t2
 43) softwares/tau/2.35.1
 44) glibc/2.28-gcc-8.5.0-vqttnls
 45) cuda/12.6.2-gcc-8.5.0-ehvl44c
 46) compilers/nvidia/nvhpc/24.11

 


Verificando nvc:
/opt/npad/shared/compilers/nvidia_hpc_sdk/24.11/Linux_x86_64/24.11/compilers/bin/nvc

nvc 24.11-0 64-bit target on x86-64 Linux -tp broadwell 
NVIDIA Compilers and Tools
Copyright (c) 2024, NVIDIA CORPORATION & AFFILIATES.  All rights reserved.

Entrando em OpenMP_With_GPU...

Compilando OpenMP-GPU...

Voltando para a raiz do projeto...

Rodando OpenMP-GPU nos mesmos 5 tamanhos do CUDA/MPI+OpenMP...
(nao precisa do nvhpc carregado para EXECUTAR, so' precisou dele para compilar)
Dataset oficial: 106497 linhas
Tamanhos a testar: [6656, 13312, 26624, 53248, 106497]


=== OpenMP-GPU | tamanho=6656 (nivel=1) ===
    tentativa 1/5: 0.284788s  SSE=724.2656  iter=32
    tentativa 2/5: 0.282937s  SSE=724.2656  iter=32
    tentativa 3/5: 0.271884s  SSE=724.2656  iter=32
    tentativa 4/5: 0.270698s  SSE=724.2656  iter=32
    tentativa 5/5: 0.272198s  SSE=724.2656  iter=32
  speedup=0.074x (vs sequencial nesse tamanho)

=== OpenMP-GPU | tamanho=13312 (nivel=2) ===
    tentativa 1/5: 0.291996s  SSE=1167.3735  iter=31
    tentativa 2/5: 0.292154s  SSE=1167.3735  iter=31
    tentativa 3/5: 0.296851s  SSE=1167.3735  iter=31
    tentativa 4/5: 0.290946s  SSE=1167.3735  iter=31
    tentativa 5/5: 0.303514s  SSE=1167.3735  iter=31
  speedup=0.135x (vs sequencial nesse tamanho)

=== OpenMP-GPU | tamanho=26624 (nivel=4) ===
    tentativa 1/5: 0.364759s  SSE=2322.4662  iter=81
    tentativa 2/5: 0.356915s  SSE=2322.4662  iter=81
    tentativa 3/5: 0.352456s  SSE=2322.4662  iter=81
    tentativa 4/5: 0.352205s  SSE=2322.4662  iter=81
    tentativa 5/5: 0.353858s  SSE=2322.4662  iter=81
  speedup=0.381x (vs sequencial nesse tamanho)

=== OpenMP-GPU | tamanho=53248 (nivel=8) ===
    tentativa 1/5: 0.434399s  SSE=4736.3675  iter=20
    tentativa 2/5: 0.430572s  SSE=4736.3675  iter=20
    tentativa 3/5: 0.440685s  SSE=4736.3675  iter=20
    tentativa 4/5: 0.451728s  SSE=4736.3675  iter=20
    tentativa 5/5: 0.407706s  SSE=4736.3675  iter=20
  speedup=0.306x (vs sequencial nesse tamanho)

=== OpenMP-GPU | tamanho=106497 (nivel=16) ===
    tentativa 1/5: 0.592985s  SSE=9290.0654  iter=61
    tentativa 2/5: 0.582981s  SSE=9290.0654  iter=61
    tentativa 3/5: 0.582233s  SSE=9290.0654  iter=61
    tentativa 4/5: 0.592790s  SSE=9290.0654  iter=61
    tentativa 5/5: 0.600763s  SSE=9290.0654  iter=61
  speedup=0.732x (vs sequencial nesse tamanho)

(vinhos.csv restaurado para o conteudo oficial original)

✅ 5 linhas do OpenMP-GPU adicionadas a: /home/cvnsantos/2/resultados.csv

========== RESULTADOS FINAIS ==========
versao,escalabilidade,processos_mpi,threads_openmp,linhas_dataset,tempo_segundos,speedup,eficiencia,sse_medio,iteracoes_medias
Sequencial,forte,1,1,106497,0.436054,1.0,1.0,9290.065373,61.0
MPI+OpenMP,forte,1,1,106497,0.409926,1.0637,1.0637,9290.065373,61.0
MPI+OpenMP,forte,2,1,106497,0.299929,1.4539,0.7269,9290.065373,61.0
MPI+OpenMP,forte,1,2,106497,0.400838,1.0879,0.5439,9290.065373,61.0
MPI+OpenMP,forte,4,1,106497,0.274249,1.59,0.3975,9290.065373,61.0
MPI+OpenMP,forte,1,4,106497,0.405856,1.0744,0.2686,9290.065373,61.0
MPI+OpenMP,forte,2,2,106497,0.294654,1.4799,0.37,9290.065373,61.0
MPI+OpenMP,forte,8,1,106497,0.285253,1.5287,0.1911,9290.065373,61.0
MPI+OpenMP,forte,1,8,106497,0.414387,1.0523,0.1315,9290.065373,61.0
MPI+OpenMP,forte,4,2,106497,0.327001,1.3335,0.1667,9290.065373,61.0
MPI+OpenMP,forte,16,1,106497,0.357516,1.2197,0.0762,9290.065373,61.0
MPI+OpenMP,forte,1,16,106497,0.42845,1.0177,0.0636,9290.065373,61.0
MPI+OpenMP,forte,8,2,106497,0.297621,1.4651,0.0916,9290.065373,61.0
MPI+OpenMP,forte,32,1,106497,0.396006,1.1011,0.0344,9290.065373,61.0
MPI+OpenMP,forte,1,32,106497,0.467229,0.9333,0.0292,9290.065373,61.0
MPI+OpenMP,forte,16,2,106497,0.250765,1.7389,0.0543,9290.065373,61.0
MPI+OpenMP,forte,32,2,106497,2.718173,0.1604,0.0025,9290.065373,61.0
Sequencial,fraca,1,1,6656,0.020482,1.0,1.0,724.265584,32.0
MPI+OpenMP,fraca,1,1,6656,0.019676,1.041,1.041,724.265584,32.0
CUDA,fraca,,,6656,0.264354,0.0775,0.0775,724.265584,32.0
Sequencial,fraca,1,1,13312,0.039898,1.0,1.0,1167.373491,31.0
MPI+OpenMP,fraca,2,1,13312,0.03358,1.1881,0.5941,1167.373491,31.0
CUDA,fraca,,,13312,0.297314,0.1342,0.1342,1167.373491,31.0
Sequencial,fraca,1,1,26624,0.135615,1.0,1.0,2322.466161,81.0
MPI+OpenMP,fraca,4,1,26624,0.079549,1.7048,0.4262,2322.466161,81.0
CUDA,fraca,,,26624,0.517733,0.2619,0.2619,2322.466161,81.0
Sequencial,fraca,1,1,53248,0.132458,1.0,1.0,4736.367462,20.0
MPI+OpenMP,fraca,8,1,53248,0.139614,0.9487,0.1186,4736.367462,20.0
CUDA,fraca,,,53248,0.403932,0.3279,0.3279,4736.367462,20.0
Sequencial,fraca,1,1,106497,0.432012,1.0,1.0,9290.065373,61.0
MPI+OpenMP,fraca,16,1,106497,0.287792,1.5011,0.0938,9290.065373,61.0
CUDA,fraca,,,106497,0.868585,0.4974,0.4974,9290.065373,61.0
OpenMP-GPU,fraca,,,6656,0.276501,0.0741,0.0741,724.265584,32.0
OpenMP-GPU,fraca,,,13312,0.295092,0.1352,0.1352,1167.373491,31.0
OpenMP-GPU,fraca,,,26624,0.356039,0.3809,0.3809,2322.466161,81.0
OpenMP-GPU,fraca,,,53248,0.433018,0.3059,0.3059,4736.367462,20.0
OpenMP-GPU,fraca,,,106497,0.59035,0.7318,0.7318,9290.065373,61.0

Fim: seg jun 29 19:25:48 -03 2026
==========================================
